[ 75%] Built target publisher
[100%] Built target subscriber
-- Install configuration: ""
-- Up-to-date: /ros2_ws/install/tutorial_topic/lib/tutorial_topic/publisher
-- Up-to-date: /ros2_ws/install/tutorial_topic/lib/tutorial_topic/subscriber
-- Up-to-date: /ros2_ws/install/tutorial_topic/share/ament_index/resource_index/package_run_dependencies/tutorial_topic
-- Up-to-date: /ros2_ws/install/tutorial_topic/share/ament_index/resource_index/parent_prefix_path/tutorial_topic
-- Up-to-date: /ros2_ws/install/tutorial_topic/share/tutorial_topic/environment/ament_prefix_path.sh
-- Up-to-date: /ros2_ws/install/tutorial_topic/share/tutorial_topic/environment/ament_prefix_path.dsv
-- Up-to-date: /ros2_ws/install/tutorial_topic/share/tutorial_topic/environment/path.sh
-- Up-to-date: /ros2_ws/install/tutorial_topic/share/tutorial_topic/environment/path.dsv
-- Up-to-date: /ros2_ws/install/tutorial_topic/share/tutorial_topic/local_setup.bash
-- Up-to-date: /ros2_ws/install/tutorial_topic/share/tutorial_topic/local_setup.sh
-- Up-to-date: /ros2_ws/install/tutorial_topic/share/tutorial_topic/local_setup.zsh
-- Up-to-date: /ros2_ws/install/tutorial_topic/share/tutorial_topic/local_setup.dsv
-- Installing: /ros2_ws/install/tutorial_topic/share/tutorial_topic/package.dsv
-- Up-to-date: /ros2_ws/install/tutorial_topic/share/ament_index/resource_index/packages/tutorial_topic
-- Up-to-date: /ros2_ws/install/tutorial_topic/share/tutorial_topic/cmake/tutorial_topicConfig.cmake
-- Up-to-date: /ros2_ws/install/tutorial_topic/share/tutorial_topic/cmake/tutorial_topicConfig-version.cmake
-- Up-to-date: /ros2_ws/install/tutorial_topic/share/tutorial_topic/package.xml
