[0.032s] Invoking command in '/ros2_ws/build/tutorial_topic': CMAKE_PREFIX_PATH=${CMAKE_PREFIX_PATH}:/opt/ros/foxy /usr/bin/cmake --build /ros2_ws/build/tutorial_topic -- -j8 -l8
[0.149s] [ 75%] Built target publisher
[0.149s] [100%] Built target subscriber
[0.173s] Invoked command in '/ros2_ws/build/tutorial_topic' returned '0': CMAKE_PREFIX_PATH=${CMAKE_PREFIX_PATH}:/opt/ros/foxy /usr/bin/cmake --build /ros2_ws/build/tutorial_topic -- -j8 -l8
[0.241s] Invoking command in '/ros2_ws/build/tutorial_topic': CMAKE_PREFIX_PATH=${CMAKE_PREFIX_PATH}:/opt/ros/foxy /usr/bin/cmake --install /ros2_ws/build/tutorial_topic
[0.256s] -- Install configuration: ""
[0.256s] -- Up-to-date: /ros2_ws/install/tutorial_topic/lib/tutorial_topic/publisher
[0.257s] -- Up-to-date: /ros2_ws/install/tutorial_topic/lib/tutorial_topic/subscriber
[0.257s] -- Up-to-date: /ros2_ws/install/tutorial_topic/share/ament_index/resource_index/package_run_dependencies/tutorial_topic
[0.258s] -- Up-to-date: /ros2_ws/install/tutorial_topic/share/ament_index/resource_index/parent_prefix_path/tutorial_topic
[0.258s] -- Up-to-date: /ros2_ws/install/tutorial_topic/share/tutorial_topic/environment/ament_prefix_path.sh
[0.258s] -- Up-to-date: /ros2_ws/install/tutorial_topic/share/tutorial_topic/environment/ament_prefix_path.dsv
[0.258s] -- Up-to-date: /ros2_ws/install/tutorial_topic/share/tutorial_topic/environment/path.sh
[0.258s] -- Up-to-date: /ros2_ws/install/tutorial_topic/share/tutorial_topic/environment/path.dsv
[0.259s] -- Up-to-date: /ros2_ws/install/tutorial_topic/share/tutorial_topic/local_setup.bash
[0.259s] -- Up-to-date: /ros2_ws/install/tutorial_topic/share/tutorial_topic/local_setup.sh
[0.259s] -- Up-to-date: /ros2_ws/install/tutorial_topic/share/tutorial_topic/local_setup.zsh
[0.259s] -- Up-to-date: /ros2_ws/install/tutorial_topic/share/tutorial_topic/local_setup.dsv
[0.259s] -- Installing: /ros2_ws/install/tutorial_topic/share/tutorial_topic/package.dsv
[0.259s] -- Up-to-date: /ros2_ws/install/tutorial_topic/share/ament_index/resource_index/packages/tutorial_topic
[0.260s] -- Up-to-date: /ros2_ws/install/tutorial_topic/share/tutorial_topic/cmake/tutorial_topicConfig.cmake
[0.260s] -- Up-to-date: /ros2_ws/install/tutorial_topic/share/tutorial_topic/cmake/tutorial_topicConfig-version.cmake
[0.260s] -- Up-to-date: /ros2_ws/install/tutorial_topic/share/tutorial_topic/package.xml
[0.264s] Invoked command in '/ros2_ws/build/tutorial_topic' returned '0': CMAKE_PREFIX_PATH=${CMAKE_PREFIX_PATH}:/opt/ros/foxy /usr/bin/cmake --install /ros2_ws/build/tutorial_topic
