[0.035s] Invoking command in '/ros2_ws/build/tutorial_topic': CMAKE_PREFIX_PATH=${CMAKE_PREFIX_PATH}:/opt/ros/foxy /usr/bin/cmake --build /ros2_ws/build/tutorial_topic -- -j8 -l8
[0.145s] [100%] Built target publisher
[0.146s] [100%] Built target subscriber
[0.165s] Invoked command in '/ros2_ws/build/tutorial_topic' returned '0': CMAKE_PREFIX_PATH=${CMAKE_PREFIX_PATH}:/opt/ros/foxy /usr/bin/cmake --build /ros2_ws/build/tutorial_topic -- -j8 -l8
[0.236s] Invoking command in '/ros2_ws/build/tutorial_topic': CMAKE_PREFIX_PATH=${CMAKE_PREFIX_PATH}:/opt/ros/foxy /usr/bin/cmake --install /ros2_ws/build/tutorial_topic
[0.250s] -- Install configuration: ""
[0.250s] -- Up-to-date: /ros2_ws/install/tutorial_topic/lib/tutorial_topic/publisher
[0.251s] -- Up-to-date: /ros2_ws/install/tutorial_topic/lib/tutorial_topic/subscriber
[0.252s] -- Up-to-date: /ros2_ws/install/tutorial_topic/share/ament_index/resource_index/package_run_dependencies/tutorial_topic
[0.252s] -- Up-to-date: /ros2_ws/install/tutorial_topic/share/ament_index/resource_index/parent_prefix_path/tutorial_topic
[0.252s] -- Up-to-date: /ros2_ws/install/tutorial_topic/share/tutorial_topic/environment/ament_prefix_path.sh
[0.252s] -- Up-to-date: /ros2_ws/install/tutorial_topic/share/tutorial_topic/environment/ament_prefix_path.dsv
[0.252s] -- Up-to-date: /ros2_ws/install/tutorial_topic/share/tutorial_topic/environment/path.sh
[0.252s] -- Up-to-date: /ros2_ws/install/tutorial_topic/share/tutorial_topic/environment/path.dsv
[0.253s] -- Up-to-date: /ros2_ws/install/tutorial_topic/share/tutorial_topic/local_setup.bash
[0.253s] -- Up-to-date: /ros2_ws/install/tutorial_topic/share/tutorial_topic/local_setup.sh
[0.253s] -- Up-to-date: /ros2_ws/install/tutorial_topic/share/tutorial_topic/local_setup.zsh
[0.253s] -- Up-to-date: /ros2_ws/install/tutorial_topic/share/tutorial_topic/local_setup.dsv
[0.253s] -- Installing: /ros2_ws/install/tutorial_topic/share/tutorial_topic/package.dsv
[0.253s] -- Up-to-date: /ros2_ws/install/tutorial_topic/share/ament_index/resource_index/packages/tutorial_topic
[0.253s] -- Up-to-date: /ros2_ws/install/tutorial_topic/share/tutorial_topic/cmake/tutorial_topicConfig.cmake
[0.254s] -- Up-to-date: /ros2_ws/install/tutorial_topic/share/tutorial_topic/cmake/tutorial_topicConfig-version.cmake
[0.254s] -- Up-to-date: /ros2_ws/install/tutorial_topic/share/tutorial_topic/package.xml
[0.257s] Invoked command in '/ros2_ws/build/tutorial_topic' returned '0': CMAKE_PREFIX_PATH=${CMAKE_PREFIX_PATH}:/opt/ros/foxy /usr/bin/cmake --install /ros2_ws/build/tutorial_topic
