[0.304s] DEBUG:colcon:Command line arguments: ['/usr/bin/colcon', 'build']
[0.304s] DEBUG:colcon:Parsed command line arguments: Namespace(ament_cmake_args=None, base_paths=['.'], build_base='build', catkin_cmake_args=None, catkin_skip_building_tests=False, cmake_args=None, cmake_clean_cache=False, cmake_clean_first=False, cmake_force_configure=False, cmake_target=None, cmake_target_skip_unavailable=False, continue_on_error=False, event_handlers=None, executor='parallel', ignore_user_meta=False, install_base='install', log_base=None, log_level=None, main=<bound method BuildVerb.main of <colcon_core.verb.build.BuildVerb object at 0x706118729880>>, merge_install=False, metas=['./colcon.meta'], mixin=None, mixin_files=None, mixin_verb=('build',), packages_above=None, packages_above_and_dependencies=None, packages_above_depth=None, packages_end=None, packages_ignore=None, packages_ignore_regex=None, packages_select=None, packages_select_build_failed=False, packages_select_by_dep=None, packages_select_regex=None, packages_select_test_failures=False, packages_skip=None, packages_skip_build_finished=False, packages_skip_by_dep=None, packages_skip_regex=None, packages_skip_test_passed=False, packages_skip_up_to=None, packages_start=None, packages_up_to=None, packages_up_to_regex=None, parallel_workers=8, paths=None, symlink_install=False, test_result_base=None, verb_extension=<colcon_core.verb.build.BuildVerb object at 0x706118729880>, verb_name='build', verb_parser=<colcon_mixin.mixin.mixin_argument.MixinArgumentDecorator object at 0x706118729e50>)
[0.329s] Level 1:colcon.colcon_core.package_discovery:discover_packages(colcon_meta) check parameters
[0.329s] INFO:colcon.colcon_metadata.package_discovery.colcon_meta:Using configuration from '/root/.colcon/metadata/default/Gazebo.meta'
[0.330s] INFO:colcon.colcon_metadata.package_discovery.colcon_meta:Using configuration from '/root/.colcon/metadata/default/fastrtps.meta'
[0.330s] Level 1:colcon.colcon_core.package_discovery:discover_packages(recursive) check parameters
[0.330s] Level 1:colcon.colcon_core.package_discovery:discover_packages(ignore) check parameters
[0.330s] Level 1:colcon.colcon_core.package_discovery:discover_packages(path) check parameters
[0.330s] Level 1:colcon.colcon_core.package_discovery:discover_packages(colcon_meta) discover
[0.330s] Level 1:colcon.colcon_core.package_discovery:discover_packages(recursive) discover
[0.330s] INFO:colcon.colcon_core.package_discovery:Crawling recursively for packages in '/ros2_ws'
[0.330s] Level 1:colcon.colcon_core.package_identification:_identify(.) by extensions ['ignore', 'ignore_ament_install']
[0.330s] Level 1:colcon.colcon_core.package_identification:_identify(.) by extension 'ignore'
[0.330s] Level 1:colcon.colcon_core.package_identification:_identify(.) by extension 'ignore_ament_install'
[0.330s] Level 1:colcon.colcon_core.package_identification:_identify(.) by extensions ['colcon_pkg']
[0.330s] Level 1:colcon.colcon_core.package_identification:_identify(.) by extension 'colcon_pkg'
[0.330s] Level 1:colcon.colcon_core.package_identification:_identify(.) by extensions ['colcon_meta']
[0.330s] Level 1:colcon.colcon_core.package_identification:_identify(.) by extension 'colcon_meta'
[0.331s] Level 1:colcon.colcon_core.package_identification:_identify(.) by extensions ['ros']
[0.331s] Level 1:colcon.colcon_core.package_identification:_identify(.) by extension 'ros'
[0.349s] Level 1:colcon.colcon_core.package_identification:_identify(.) by extensions ['cmake', 'python']
[0.349s] Level 1:colcon.colcon_core.package_identification:_identify(.) by extension 'cmake'
[0.349s] Level 1:colcon.colcon_core.package_identification:_identify(.) by extension 'python'
[0.349s] Level 1:colcon.colcon_core.package_identification:_identify(.) by extensions ['python_setup_py']
[0.349s] Level 1:colcon.colcon_core.package_identification:_identify(.) by extension 'python_setup_py'
[0.349s] Level 1:colcon.colcon_core.package_identification:_identify(build) by extensions ['ignore', 'ignore_ament_install']
[0.349s] Level 1:colcon.colcon_core.package_identification:_identify(build) by extension 'ignore'
[0.349s] Level 1:colcon.colcon_core.package_identification:_identify(build) ignored
[0.349s] Level 1:colcon.colcon_core.package_identification:_identify(install) by extensions ['ignore', 'ignore_ament_install']
[0.350s] Level 1:colcon.colcon_core.package_identification:_identify(install) by extension 'ignore'
[0.350s] Level 1:colcon.colcon_core.package_identification:_identify(install) ignored
[0.350s] Level 1:colcon.colcon_core.package_identification:_identify(log) by extensions ['ignore', 'ignore_ament_install']
[0.350s] Level 1:colcon.colcon_core.package_identification:_identify(log) by extension 'ignore'
[0.350s] Level 1:colcon.colcon_core.package_identification:_identify(log) ignored
[0.350s] Level 1:colcon.colcon_core.package_identification:_identify(tutorial_topic) by extensions ['ignore', 'ignore_ament_install']
[0.350s] Level 1:colcon.colcon_core.package_identification:_identify(tutorial_topic) by extension 'ignore'
[0.350s] Level 1:colcon.colcon_core.package_identification:_identify(tutorial_topic) by extension 'ignore_ament_install'
[0.350s] Level 1:colcon.colcon_core.package_identification:_identify(tutorial_topic) by extensions ['colcon_pkg']
[0.350s] Level 1:colcon.colcon_core.package_identification:_identify(tutorial_topic) by extension 'colcon_pkg'
[0.350s] Level 1:colcon.colcon_core.package_identification:_identify(tutorial_topic) by extensions ['colcon_meta']
[0.350s] Level 1:colcon.colcon_core.package_identification:_identify(tutorial_topic) by extension 'colcon_meta'
[0.350s] Level 1:colcon.colcon_core.package_identification:_identify(tutorial_topic) by extensions ['ros']
[0.350s] Level 1:colcon.colcon_core.package_identification:_identify(tutorial_topic) by extension 'ros'
[0.353s] DEBUG:colcon.colcon_core.package_identification:Package 'tutorial_topic' with type 'ros.ament_cmake' and name 'tutorial_topic'
[0.353s] Level 1:colcon.colcon_core.package_discovery:discover_packages(recursive) using defaults
[0.353s] Level 1:colcon.colcon_core.package_discovery:discover_packages(ignore) discover
[0.353s] Level 1:colcon.colcon_core.package_discovery:discover_packages(ignore) using defaults
[0.353s] Level 1:colcon.colcon_core.package_discovery:discover_packages(path) discover
[0.353s] Level 1:colcon.colcon_core.package_discovery:discover_packages(path) using defaults
[0.374s] Level 5:colcon.colcon_core.verb:set package 'tutorial_topic' build argument 'cmake_args' from command line to 'None'
[0.374s] Level 5:colcon.colcon_core.verb:set package 'tutorial_topic' build argument 'cmake_target' from command line to 'None'
[0.374s] Level 5:colcon.colcon_core.verb:set package 'tutorial_topic' build argument 'cmake_target_skip_unavailable' from command line to 'False'
[0.374s] Level 5:colcon.colcon_core.verb:set package 'tutorial_topic' build argument 'cmake_clean_cache' from command line to 'False'
[0.374s] Level 5:colcon.colcon_core.verb:set package 'tutorial_topic' build argument 'cmake_clean_first' from command line to 'False'
[0.374s] Level 5:colcon.colcon_core.verb:set package 'tutorial_topic' build argument 'cmake_force_configure' from command line to 'False'
[0.374s] Level 5:colcon.colcon_core.verb:set package 'tutorial_topic' build argument 'ament_cmake_args' from command line to 'None'
[0.374s] Level 5:colcon.colcon_core.verb:set package 'tutorial_topic' build argument 'catkin_cmake_args' from command line to 'None'
[0.374s] Level 5:colcon.colcon_core.verb:set package 'tutorial_topic' build argument 'catkin_skip_building_tests' from command line to 'False'
[0.374s] DEBUG:colcon.colcon_core.verb:Building package 'tutorial_topic' with the following arguments: {'ament_cmake_args': None, 'build_base': '/ros2_ws/build/tutorial_topic', 'catkin_cmake_args': None, 'catkin_skip_building_tests': False, 'cmake_args': None, 'cmake_clean_cache': False, 'cmake_clean_first': False, 'cmake_force_configure': False, 'cmake_target': None, 'cmake_target_skip_unavailable': False, 'install_base': '/ros2_ws/install/tutorial_topic', 'merge_install': False, 'path': '/ros2_ws/tutorial_topic', 'symlink_install': False, 'test_result_base': None}
[0.375s] INFO:colcon.colcon_core.executor:Executing jobs using 'parallel' executor
[0.378s] DEBUG:colcon.colcon_parallel_executor.executor.parallel:run_until_complete
[0.378s] INFO:colcon.colcon_ros.task.ament_cmake.build:Building ROS package in '/ros2_ws/tutorial_topic' with build type 'ament_cmake'
[0.378s] INFO:colcon.colcon_cmake.task.cmake.build:Building CMake package in '/ros2_ws/tutorial_topic'
[0.383s] INFO:colcon.colcon_core.plugin_system:Skipping extension 'colcon_core.shell.bat': Not used on non-Windows systems
[0.383s] INFO:colcon.colcon_core.shell:Skip shell extension 'powershell' for command environment: Not usable outside of PowerShell
[0.383s] DEBUG:colcon.colcon_core.shell:Skip shell extension 'dsv' for command environment
[0.397s] DEBUG:colcon.colcon_core.event_handler.log_command:Invoking command in '/ros2_ws/build/tutorial_topic': CMAKE_PREFIX_PATH=${CMAKE_PREFIX_PATH}:/opt/ros/foxy /usr/bin/cmake --build /ros2_ws/build/tutorial_topic -- -j8 -l8
[0.473s] DEBUG:colcon.colcon_core.event_handler.log_command:Invoked command in '/ros2_ws/build/tutorial_topic' returned '0': CMAKE_PREFIX_PATH=${CMAKE_PREFIX_PATH}:/opt/ros/foxy /usr/bin/cmake --build /ros2_ws/build/tutorial_topic -- -j8 -l8
[0.511s] DEBUG:colcon.colcon_core.event_handler.log_command:Invoking command in '/ros2_ws/build/tutorial_topic': CMAKE_PREFIX_PATH=${CMAKE_PREFIX_PATH}:/opt/ros/foxy /usr/bin/cmake --install /ros2_ws/build/tutorial_topic
[0.523s] Level 1:colcon.colcon_core.environment:create_environment_scripts_only(tutorial_topic)
[0.525s] DEBUG:colcon.colcon_core.event_handler.log_command:Invoked command in '/ros2_ws/build/tutorial_topic' returned '0': CMAKE_PREFIX_PATH=${CMAKE_PREFIX_PATH}:/opt/ros/foxy /usr/bin/cmake --install /ros2_ws/build/tutorial_topic
[0.530s] Level 1:colcon.colcon_core.environment:checking '/ros2_ws/install/tutorial_topic' for CMake module files
[0.530s] Level 1:colcon.colcon_core.environment:checking '/ros2_ws/install/tutorial_topic' for CMake config files
[0.530s] Level 1:colcon.colcon_core.shell:create_environment_hook('tutorial_topic', 'cmake_prefix_path')
[0.532s] INFO:colcon.colcon_core.shell:Creating environment hook '/ros2_ws/install/tutorial_topic/share/tutorial_topic/hook/cmake_prefix_path.ps1'
[0.533s] INFO:colcon.colcon_core.shell:Creating environment descriptor '/ros2_ws/install/tutorial_topic/share/tutorial_topic/hook/cmake_prefix_path.dsv'
[0.533s] INFO:colcon.colcon_core.shell:Creating environment hook '/ros2_ws/install/tutorial_topic/share/tutorial_topic/hook/cmake_prefix_path.sh'
[0.534s] Level 1:colcon.colcon_core.environment:checking '/ros2_ws/install/tutorial_topic/lib'
[0.534s] Level 1:colcon.colcon_core.environment:checking '/ros2_ws/install/tutorial_topic/bin'
[0.534s] Level 1:colcon.colcon_core.environment:checking '/ros2_ws/install/tutorial_topic/lib/pkgconfig/tutorial_topic.pc'
[0.535s] Level 1:colcon.colcon_core.environment:checking '/ros2_ws/install/tutorial_topic/lib/python3.8/site-packages'
[0.535s] Level 1:colcon.colcon_core.environment:checking '/ros2_ws/install/tutorial_topic/bin'
[0.537s] INFO:colcon.colcon_core.shell:Creating package script '/ros2_ws/install/tutorial_topic/share/tutorial_topic/package.ps1'
[0.538s] INFO:colcon.colcon_core.shell:Creating package descriptor '/ros2_ws/install/tutorial_topic/share/tutorial_topic/package.dsv'
[0.538s] INFO:colcon.colcon_core.shell:Creating package script '/ros2_ws/install/tutorial_topic/share/tutorial_topic/package.sh'
[0.539s] INFO:colcon.colcon_core.shell:Creating package script '/ros2_ws/install/tutorial_topic/share/tutorial_topic/package.bash'
[0.540s] INFO:colcon.colcon_core.shell:Creating package script '/ros2_ws/install/tutorial_topic/share/tutorial_topic/package.zsh'
[0.540s] Level 1:colcon.colcon_core.environment:create_file_with_runtime_dependencies(/ros2_ws/install/tutorial_topic/share/colcon-core/packages/tutorial_topic)
[0.565s] Level 1:colcon.colcon_core.environment:create_environment_scripts_only(tutorial_topic)
[0.567s] Level 1:colcon.colcon_core.environment:checking '/ros2_ws/install/tutorial_topic' for CMake module files
[0.568s] Level 1:colcon.colcon_core.environment:checking '/ros2_ws/install/tutorial_topic' for CMake config files
[0.568s] Level 1:colcon.colcon_core.shell:create_environment_hook('tutorial_topic', 'cmake_prefix_path')
[0.570s] INFO:colcon.colcon_core.shell:Creating environment hook '/ros2_ws/install/tutorial_topic/share/tutorial_topic/hook/cmake_prefix_path.ps1'
[0.570s] INFO:colcon.colcon_core.shell:Creating environment descriptor '/ros2_ws/install/tutorial_topic/share/tutorial_topic/hook/cmake_prefix_path.dsv'
[0.571s] INFO:colcon.colcon_core.shell:Creating environment hook '/ros2_ws/install/tutorial_topic/share/tutorial_topic/hook/cmake_prefix_path.sh'
[0.571s] Level 1:colcon.colcon_core.environment:checking '/ros2_ws/install/tutorial_topic/lib'
[0.571s] Level 1:colcon.colcon_core.environment:checking '/ros2_ws/install/tutorial_topic/bin'
[0.572s] Level 1:colcon.colcon_core.environment:checking '/ros2_ws/install/tutorial_topic/lib/pkgconfig/tutorial_topic.pc'
[0.572s] Level 1:colcon.colcon_core.environment:checking '/ros2_ws/install/tutorial_topic/lib/python3.8/site-packages'
[0.572s] Level 1:colcon.colcon_core.environment:checking '/ros2_ws/install/tutorial_topic/bin'
[0.573s] INFO:colcon.colcon_core.shell:Creating package script '/ros2_ws/install/tutorial_topic/share/tutorial_topic/package.ps1'
[0.574s] INFO:colcon.colcon_core.shell:Creating package descriptor '/ros2_ws/install/tutorial_topic/share/tutorial_topic/package.dsv'
[0.574s] INFO:colcon.colcon_core.shell:Creating package script '/ros2_ws/install/tutorial_topic/share/tutorial_topic/package.sh'
[0.575s] INFO:colcon.colcon_core.shell:Creating package script '/ros2_ws/install/tutorial_topic/share/tutorial_topic/package.bash'
[0.575s] INFO:colcon.colcon_core.shell:Creating package script '/ros2_ws/install/tutorial_topic/share/tutorial_topic/package.zsh'
[0.575s] Level 1:colcon.colcon_core.environment:create_file_with_runtime_dependencies(/ros2_ws/install/tutorial_topic/share/colcon-core/packages/tutorial_topic)
[0.576s] DEBUG:colcon.colcon_parallel_executor.executor.parallel:closing loop
[0.576s] DEBUG:colcon.colcon_parallel_executor.executor.parallel:loop closed
[0.576s] DEBUG:colcon.colcon_parallel_executor.executor.parallel:run_until_complete finished with '0'
[0.576s] DEBUG:colcon.colcon_core.event_reactor:joining thread
[0.582s] INFO:colcon.colcon_core.plugin_system:Skipping extension 'colcon_notification.desktop_notification.notify_send': Could not find 'notify-send'
[0.582s] INFO:colcon.colcon_core.plugin_system:Skipping extension 'colcon_notification.desktop_notification.terminal_notifier': Not used on non-Darwin systems
[0.582s] INFO:colcon.colcon_core.plugin_system:Skipping extension 'colcon_notification.desktop_notification.win32': Not used on non-Windows systems
[0.582s] INFO:colcon.colcon_notification.desktop_notification:Sending desktop notification using 'notify2'
[0.582s] DEBUG:colcon.colcon_notification.desktop_notification.notify2:Failed to initialize notify2: org.freedesktop.DBus.Error.NotSupported: Unable to autolaunch a dbus-daemon without a $DISPLAY for X11
[0.583s] DEBUG:colcon.colcon_core.event_reactor:joined thread
[0.584s] INFO:colcon.colcon_core.shell:Creating prefix script '/ros2_ws/install/local_setup.ps1'
[0.585s] INFO:colcon.colcon_core.shell:Creating prefix util module '/ros2_ws/install/_local_setup_util_ps1.py'
[0.587s] INFO:colcon.colcon_core.shell:Creating prefix chain script '/ros2_ws/install/setup.ps1'
[0.589s] INFO:colcon.colcon_core.shell:Creating prefix script '/ros2_ws/install/local_setup.sh'
[0.590s] INFO:colcon.colcon_core.shell:Creating prefix util module '/ros2_ws/install/_local_setup_util_sh.py'
[0.590s] INFO:colcon.colcon_core.shell:Creating prefix chain script '/ros2_ws/install/setup.sh'
[0.592s] INFO:colcon.colcon_core.shell:Creating prefix script '/ros2_ws/install/local_setup.bash'
[0.593s] INFO:colcon.colcon_core.shell:Creating prefix chain script '/ros2_ws/install/setup.bash'
[0.594s] INFO:colcon.colcon_core.shell:Creating prefix script '/ros2_ws/install/local_setup.zsh'
[0.595s] INFO:colcon.colcon_core.shell:Creating prefix chain script '/ros2_ws/install/setup.zsh'
