[0.330s] DEBUG:colcon:Command line arguments: ['/usr/bin/colcon', 'build']
[0.330s] DEBUG:colcon:Parsed command line arguments: Namespace(ament_cmake_args=None, base_paths=['.'], build_base='build', catkin_cmake_args=None, catkin_skip_building_tests=False, cmake_args=None, cmake_clean_cache=False, cmake_clean_first=False, cmake_force_configure=False, cmake_target=None, cmake_target_skip_unavailable=False, continue_on_error=False, event_handlers=None, executor='parallel', ignore_user_meta=False, install_base='install', log_base=None, log_level=None, main=<bound method BuildVerb.main of <colcon_core.verb.build.BuildVerb object at 0x7fc99af5e730>>, merge_install=False, metas=['./colcon.meta'], mixin=None, mixin_files=None, mixin_verb=('build',), packages_above=None, packages_above_and_dependencies=None, packages_above_depth=None, packages_end=None, packages_ignore=None, packages_ignore_regex=None, packages_select=None, packages_select_build_failed=False, packages_select_by_dep=None, packages_select_regex=None, packages_select_test_failures=False, packages_skip=None, packages_skip_build_finished=False, packages_skip_by_dep=None, packages_skip_regex=None, packages_skip_test_passed=False, packages_skip_up_to=None, packages_start=None, packages_up_to=None, packages_up_to_regex=None, parallel_workers=8, paths=None, symlink_install=False, test_result_base=None, verb_extension=<colcon_core.verb.build.BuildVerb object at 0x7fc99af5e730>, verb_name='build', verb_parser=<colcon_mixin.mixin.mixin_argument.MixinArgumentDecorator object at 0x7fc99af5ed90>)
[0.363s] Level 1:colcon.colcon_core.package_discovery:discover_packages(colcon_meta) check parameters
[0.364s] INFO:colcon.colcon_metadata.package_discovery.colcon_meta:Using configuration from '/root/.colcon/metadata/default/Gazebo.meta'
[0.364s] INFO:colcon.colcon_metadata.package_discovery.colcon_meta:Using configuration from '/root/.colcon/metadata/default/fastrtps.meta'
[0.365s] Level 1:colcon.colcon_core.package_discovery:discover_packages(recursive) check parameters
[0.365s] Level 1:colcon.colcon_core.package_discovery:discover_packages(ignore) check parameters
[0.365s] Level 1:colcon.colcon_core.package_discovery:discover_packages(path) check parameters
[0.365s] Level 1:colcon.colcon_core.package_discovery:discover_packages(colcon_meta) discover
[0.365s] Level 1:colcon.colcon_core.package_discovery:discover_packages(recursive) discover
[0.365s] INFO:colcon.colcon_core.package_discovery:Crawling recursively for packages in '/ros2_ws'
[0.365s] Level 1:colcon.colcon_core.package_identification:_identify(.) by extensions ['ignore', 'ignore_ament_install']
[0.365s] Level 1:colcon.colcon_core.package_identification:_identify(.) by extension 'ignore'
[0.365s] Level 1:colcon.colcon_core.package_identification:_identify(.) by extension 'ignore_ament_install'
[0.365s] Level 1:colcon.colcon_core.package_identification:_identify(.) by extensions ['colcon_pkg']
[0.365s] Level 1:colcon.colcon_core.package_identification:_identify(.) by extension 'colcon_pkg'
[0.365s] Level 1:colcon.colcon_core.package_identification:_identify(.) by extensions ['colcon_meta']
[0.365s] Level 1:colcon.colcon_core.package_identification:_identify(.) by extension 'colcon_meta'
[0.365s] Level 1:colcon.colcon_core.package_identification:_identify(.) by extensions ['ros']
[0.365s] Level 1:colcon.colcon_core.package_identification:_identify(.) by extension 'ros'
[0.387s] Level 1:colcon.colcon_core.package_identification:_identify(.) by extensions ['cmake', 'python']
[0.387s] Level 1:colcon.colcon_core.package_identification:_identify(.) by extension 'cmake'
[0.387s] Level 1:colcon.colcon_core.package_identification:_identify(.) by extension 'python'
[0.387s] Level 1:colcon.colcon_core.package_identification:_identify(.) by extensions ['python_setup_py']
[0.387s] Level 1:colcon.colcon_core.package_identification:_identify(.) by extension 'python_setup_py'
[0.387s] Level 1:colcon.colcon_core.package_identification:_identify(build) by extensions ['ignore', 'ignore_ament_install']
[0.387s] Level 1:colcon.colcon_core.package_identification:_identify(build) by extension 'ignore'
[0.388s] Level 1:colcon.colcon_core.package_identification:_identify(build) ignored
[0.388s] Level 1:colcon.colcon_core.package_identification:_identify(install) by extensions ['ignore', 'ignore_ament_install']
[0.388s] Level 1:colcon.colcon_core.package_identification:_identify(install) by extension 'ignore'
[0.388s] Level 1:colcon.colcon_core.package_identification:_identify(install) ignored
[0.388s] Level 1:colcon.colcon_core.package_identification:_identify(log) by extensions ['ignore', 'ignore_ament_install']
[0.388s] Level 1:colcon.colcon_core.package_identification:_identify(log) by extension 'ignore'
[0.388s] Level 1:colcon.colcon_core.package_identification:_identify(log) ignored
[0.388s] Level 1:colcon.colcon_core.package_identification:_identify(tutorial_topic) by extensions ['ignore', 'ignore_ament_install']
[0.388s] Level 1:colcon.colcon_core.package_identification:_identify(tutorial_topic) by extension 'ignore'
[0.388s] Level 1:colcon.colcon_core.package_identification:_identify(tutorial_topic) by extension 'ignore_ament_install'
[0.388s] Level 1:colcon.colcon_core.package_identification:_identify(tutorial_topic) by extensions ['colcon_pkg']
[0.388s] Level 1:colcon.colcon_core.package_identification:_identify(tutorial_topic) by extension 'colcon_pkg'
[0.389s] Level 1:colcon.colcon_core.package_identification:_identify(tutorial_topic) by extensions ['colcon_meta']
[0.389s] Level 1:colcon.colcon_core.package_identification:_identify(tutorial_topic) by extension 'colcon_meta'
[0.389s] Level 1:colcon.colcon_core.package_identification:_identify(tutorial_topic) by extensions ['ros']
[0.389s] Level 1:colcon.colcon_core.package_identification:_identify(tutorial_topic) by extension 'ros'
[0.392s] DEBUG:colcon.colcon_core.package_identification:Package 'tutorial_topic' with type 'ros.ament_cmake' and name 'tutorial_topic'
[0.392s] Level 1:colcon.colcon_core.package_discovery:discover_packages(recursive) using defaults
[0.392s] Level 1:colcon.colcon_core.package_discovery:discover_packages(ignore) discover
[0.392s] Level 1:colcon.colcon_core.package_discovery:discover_packages(ignore) using defaults
[0.392s] Level 1:colcon.colcon_core.package_discovery:discover_packages(path) discover
[0.392s] Level 1:colcon.colcon_core.package_discovery:discover_packages(path) using defaults
[0.414s] Level 5:colcon.colcon_core.verb:set package 'tutorial_topic' build argument 'cmake_args' from command line to 'None'
[0.414s] Level 5:colcon.colcon_core.verb:set package 'tutorial_topic' build argument 'cmake_target' from command line to 'None'
[0.414s] Level 5:colcon.colcon_core.verb:set package 'tutorial_topic' build argument 'cmake_target_skip_unavailable' from command line to 'False'
[0.414s] Level 5:colcon.colcon_core.verb:set package 'tutorial_topic' build argument 'cmake_clean_cache' from command line to 'False'
[0.414s] Level 5:colcon.colcon_core.verb:set package 'tutorial_topic' build argument 'cmake_clean_first' from command line to 'False'
[0.414s] Level 5:colcon.colcon_core.verb:set package 'tutorial_topic' build argument 'cmake_force_configure' from command line to 'False'
[0.414s] Level 5:colcon.colcon_core.verb:set package 'tutorial_topic' build argument 'ament_cmake_args' from command line to 'None'
[0.414s] Level 5:colcon.colcon_core.verb:set package 'tutorial_topic' build argument 'catkin_cmake_args' from command line to 'None'
[0.414s] Level 5:colcon.colcon_core.verb:set package 'tutorial_topic' build argument 'catkin_skip_building_tests' from command line to 'False'
[0.414s] DEBUG:colcon.colcon_core.verb:Building package 'tutorial_topic' with the following arguments: {'ament_cmake_args': None, 'build_base': '/ros2_ws/build/tutorial_topic', 'catkin_cmake_args': None, 'catkin_skip_building_tests': False, 'cmake_args': None, 'cmake_clean_cache': False, 'cmake_clean_first': False, 'cmake_force_configure': False, 'cmake_target': None, 'cmake_target_skip_unavailable': False, 'install_base': '/ros2_ws/install/tutorial_topic', 'merge_install': False, 'path': '/ros2_ws/tutorial_topic', 'symlink_install': False, 'test_result_base': None}
[0.415s] INFO:colcon.colcon_core.executor:Executing jobs using 'parallel' executor
[0.418s] DEBUG:colcon.colcon_parallel_executor.executor.parallel:run_until_complete
[0.418s] INFO:colcon.colcon_ros.task.ament_cmake.build:Building ROS package in '/ros2_ws/tutorial_topic' with build type 'ament_cmake'
[0.419s] INFO:colcon.colcon_cmake.task.cmake.build:Building CMake package in '/ros2_ws/tutorial_topic'
[0.425s] INFO:colcon.colcon_core.plugin_system:Skipping extension 'colcon_core.shell.bat': Not used on non-Windows systems
[0.425s] INFO:colcon.colcon_core.shell:Skip shell extension 'powershell' for command environment: Not usable outside of PowerShell
[0.425s] DEBUG:colcon.colcon_core.shell:Skip shell extension 'dsv' for command environment
[0.441s] DEBUG:colcon.colcon_core.event_handler.log_command:Invoking command in '/ros2_ws/build/tutorial_topic': CMAKE_PREFIX_PATH=${CMAKE_PREFIX_PATH}:/opt/ros/foxy /usr/bin/cmake --build /ros2_ws/build/tutorial_topic -- -j8 -l8
[5.306s] DEBUG:colcon.colcon_core.event_handler.log_command:Invoked command in '/ros2_ws/build/tutorial_topic' returned '0': CMAKE_PREFIX_PATH=${CMAKE_PREFIX_PATH}:/opt/ros/foxy /usr/bin/cmake --build /ros2_ws/build/tutorial_topic -- -j8 -l8
[5.344s] DEBUG:colcon.colcon_core.event_handler.log_command:Invoking command in '/ros2_ws/build/tutorial_topic': CMAKE_PREFIX_PATH=${CMAKE_PREFIX_PATH}:/opt/ros/foxy /usr/bin/cmake --install /ros2_ws/build/tutorial_topic
[5.357s] Level 1:colcon.colcon_core.environment:create_environment_scripts_only(tutorial_topic)
[5.358s] DEBUG:colcon.colcon_core.event_handler.log_command:Invoked command in '/ros2_ws/build/tutorial_topic' returned '0': CMAKE_PREFIX_PATH=${CMAKE_PREFIX_PATH}:/opt/ros/foxy /usr/bin/cmake --install /ros2_ws/build/tutorial_topic
[5.364s] Level 1:colcon.colcon_core.environment:checking '/ros2_ws/install/tutorial_topic' for CMake module files
[5.365s] Level 1:colcon.colcon_core.environment:checking '/ros2_ws/install/tutorial_topic' for CMake config files
[5.365s] Level 1:colcon.colcon_core.shell:create_environment_hook('tutorial_topic', 'cmake_prefix_path')
[5.367s] INFO:colcon.colcon_core.shell:Creating environment hook '/ros2_ws/install/tutorial_topic/share/tutorial_topic/hook/cmake_prefix_path.ps1'
[5.368s] INFO:colcon.colcon_core.shell:Creating environment descriptor '/ros2_ws/install/tutorial_topic/share/tutorial_topic/hook/cmake_prefix_path.dsv'
[5.368s] INFO:colcon.colcon_core.shell:Creating environment hook '/ros2_ws/install/tutorial_topic/share/tutorial_topic/hook/cmake_prefix_path.sh'
[5.369s] Level 1:colcon.colcon_core.environment:checking '/ros2_ws/install/tutorial_topic/lib'
[5.369s] Level 1:colcon.colcon_core.environment:checking '/ros2_ws/install/tutorial_topic/bin'
[5.369s] Level 1:colcon.colcon_core.environment:checking '/ros2_ws/install/tutorial_topic/lib/pkgconfig/tutorial_topic.pc'
[5.370s] Level 1:colcon.colcon_core.environment:checking '/ros2_ws/install/tutorial_topic/lib/python3.8/site-packages'
[5.370s] Level 1:colcon.colcon_core.environment:checking '/ros2_ws/install/tutorial_topic/bin'
[5.372s] INFO:colcon.colcon_core.shell:Creating package script '/ros2_ws/install/tutorial_topic/share/tutorial_topic/package.ps1'
[5.373s] INFO:colcon.colcon_core.shell:Creating package descriptor '/ros2_ws/install/tutorial_topic/share/tutorial_topic/package.dsv'
[5.374s] INFO:colcon.colcon_core.shell:Creating package script '/ros2_ws/install/tutorial_topic/share/tutorial_topic/package.sh'
[5.375s] INFO:colcon.colcon_core.shell:Creating package script '/ros2_ws/install/tutorial_topic/share/tutorial_topic/package.bash'
[5.375s] INFO:colcon.colcon_core.shell:Creating package script '/ros2_ws/install/tutorial_topic/share/tutorial_topic/package.zsh'
[5.376s] Level 1:colcon.colcon_core.environment:create_file_with_runtime_dependencies(/ros2_ws/install/tutorial_topic/share/colcon-core/packages/tutorial_topic)
[5.403s] Level 1:colcon.colcon_core.environment:create_environment_scripts_only(tutorial_topic)
[5.405s] Level 1:colcon.colcon_core.environment:checking '/ros2_ws/install/tutorial_topic' for CMake module files
[5.405s] Level 1:colcon.colcon_core.environment:checking '/ros2_ws/install/tutorial_topic' for CMake config files
[5.405s] Level 1:colcon.colcon_core.shell:create_environment_hook('tutorial_topic', 'cmake_prefix_path')
[5.407s] INFO:colcon.colcon_core.shell:Creating environment hook '/ros2_ws/install/tutorial_topic/share/tutorial_topic/hook/cmake_prefix_path.ps1'
[5.407s] INFO:colcon.colcon_core.shell:Creating environment descriptor '/ros2_ws/install/tutorial_topic/share/tutorial_topic/hook/cmake_prefix_path.dsv'
[5.408s] INFO:colcon.colcon_core.shell:Creating environment hook '/ros2_ws/install/tutorial_topic/share/tutorial_topic/hook/cmake_prefix_path.sh'
[5.408s] Level 1:colcon.colcon_core.environment:checking '/ros2_ws/install/tutorial_topic/lib'
[5.408s] Level 1:colcon.colcon_core.environment:checking '/ros2_ws/install/tutorial_topic/bin'
[5.408s] Level 1:colcon.colcon_core.environment:checking '/ros2_ws/install/tutorial_topic/lib/pkgconfig/tutorial_topic.pc'
[5.409s] Level 1:colcon.colcon_core.environment:checking '/ros2_ws/install/tutorial_topic/lib/python3.8/site-packages'
[5.409s] Level 1:colcon.colcon_core.environment:checking '/ros2_ws/install/tutorial_topic/bin'
[5.410s] INFO:colcon.colcon_core.shell:Creating package script '/ros2_ws/install/tutorial_topic/share/tutorial_topic/package.ps1'
[5.411s] INFO:colcon.colcon_core.shell:Creating package descriptor '/ros2_ws/install/tutorial_topic/share/tutorial_topic/package.dsv'
[5.411s] INFO:colcon.colcon_core.shell:Creating package script '/ros2_ws/install/tutorial_topic/share/tutorial_topic/package.sh'
[5.411s] INFO:colcon.colcon_core.shell:Creating package script '/ros2_ws/install/tutorial_topic/share/tutorial_topic/package.bash'
[5.412s] INFO:colcon.colcon_core.shell:Creating package script '/ros2_ws/install/tutorial_topic/share/tutorial_topic/package.zsh'
[5.412s] Level 1:colcon.colcon_core.environment:create_file_with_runtime_dependencies(/ros2_ws/install/tutorial_topic/share/colcon-core/packages/tutorial_topic)
[5.412s] DEBUG:colcon.colcon_parallel_executor.executor.parallel:closing loop
[5.413s] DEBUG:colcon.colcon_parallel_executor.executor.parallel:loop closed
[5.413s] DEBUG:colcon.colcon_parallel_executor.executor.parallel:run_until_complete finished with '0'
[5.413s] DEBUG:colcon.colcon_core.event_reactor:joining thread
[5.420s] INFO:colcon.colcon_core.plugin_system:Skipping extension 'colcon_notification.desktop_notification.notify_send': Could not find 'notify-send'
[5.421s] INFO:colcon.colcon_core.plugin_system:Skipping extension 'colcon_notification.desktop_notification.terminal_notifier': Not used on non-Darwin systems
[5.421s] INFO:colcon.colcon_core.plugin_system:Skipping extension 'colcon_notification.desktop_notification.win32': Not used on non-Windows systems
[5.421s] INFO:colcon.colcon_notification.desktop_notification:Sending desktop notification using 'notify2'
[5.421s] DEBUG:colcon.colcon_notification.desktop_notification.notify2:Failed to initialize notify2: org.freedesktop.DBus.Error.NotSupported: Unable to autolaunch a dbus-daemon without a $DISPLAY for X11
[5.421s] DEBUG:colcon.colcon_core.event_reactor:joined thread
[5.422s] INFO:colcon.colcon_core.shell:Creating prefix script '/ros2_ws/install/local_setup.ps1'
[5.424s] INFO:colcon.colcon_core.shell:Creating prefix util module '/ros2_ws/install/_local_setup_util_ps1.py'
[5.425s] INFO:colcon.colcon_core.shell:Creating prefix chain script '/ros2_ws/install/setup.ps1'
[5.427s] INFO:colcon.colcon_core.shell:Creating prefix script '/ros2_ws/install/local_setup.sh'
[5.427s] INFO:colcon.colcon_core.shell:Creating prefix util module '/ros2_ws/install/_local_setup_util_sh.py'
[5.428s] INFO:colcon.colcon_core.shell:Creating prefix chain script '/ros2_ws/install/setup.sh'
[5.429s] INFO:colcon.colcon_core.shell:Creating prefix script '/ros2_ws/install/local_setup.bash'
[5.430s] INFO:colcon.colcon_core.shell:Creating prefix chain script '/ros2_ws/install/setup.bash'
[5.431s] INFO:colcon.colcon_core.shell:Creating prefix script '/ros2_ws/install/local_setup.zsh'
[5.431s] INFO:colcon.colcon_core.shell:Creating prefix chain script '/ros2_ws/install/setup.zsh'
