[0.017s] Invoking command in '/ros2_ws/build/tutorial_topic': CMAKE_PREFIX_PATH=/opt/ros/foxy /usr/bin/cmake /ros2_ws/tutorial_topic -DCMAKE_INSTALL_PREFIX=/ros2_ws/install/tutorial_topic
[0.127s] -- The C compiler identification is GNU 9.4.0
[0.205s] -- The CXX compiler identification is GNU 9.4.0
[0.211s] -- Check for working C compiler: /usr/bin/cc
[0.280s] -- Check for working C compiler: /usr/bin/cc -- works
[0.281s] -- Detecting C compiler ABI info
[0.347s] -- Detecting C compiler ABI info - done
[0.358s] -- Detecting C compile features
[0.359s] -- Detecting C compile features - done
[0.362s] -- Check for working CXX compiler: /usr/bin/c++
[0.437s] -- Check for working CXX compiler: /usr/bin/c++ -- works
[0.438s] -- Detecting CXX compiler ABI info
[0.513s] -- Detecting CXX compiler ABI info - done
[0.526s] -- Detecting CXX compile features
[0.526s] -- Detecting CXX compile features - done
[0.530s] -- Found ament_cmake: 0.9.12 (/opt/ros/foxy/share/ament_cmake/cmake)
[0.555s] -- Found PythonInterp: /usr/bin/python3 (found suitable version "3.8.10", minimum required is "3") 
[0.555s] -- Using PYTHON_EXECUTABLE: /usr/bin/python3
[0.731s] -- Found rclcpp: 2.4.3 (/opt/ros/foxy/share/rclcpp/cmake)
[0.782s] -- Using all available rosidl_typesupport_c: rosidl_typesupport_fastrtps_c;rosidl_typesupport_introspection_c
[0.789s] -- Found rosidl_adapter: 1.3.1 (/opt/ros/foxy/share/rosidl_adapter/cmake)
[0.873s] -- Found OpenSSL: /usr/lib/x86_64-linux-gnu/libcrypto.so (found version "1.1.1f")  
[0.902s] -- Found FastRTPS: /opt/ros/foxy/include  
[0.982s] -- Using all available rosidl_typesupport_cpp: rosidl_typesupport_fastrtps_cpp;rosidl_typesupport_introspection_cpp
[1.040s] -- Found rmw_implementation_cmake: 1.0.4 (/opt/ros/foxy/share/rmw_implementation_cmake/cmake)
[1.041s] -- Using RMW implementation 'rmw_fastrtps_cpp' as default
[1.042s] -- Looking for pthread.h
[1.110s] -- Looking for pthread.h - found
[1.110s] -- Performing Test CMAKE_HAVE_LIBC_PTHREAD
[1.180s] -- Performing Test CMAKE_HAVE_LIBC_PTHREAD - Failed
[1.180s] -- Looking for pthread_create in pthreads
[1.237s] -- Looking for pthread_create in pthreads - not found
[1.237s] -- Looking for pthread_create in pthread
[1.303s] -- Looking for pthread_create in pthread - found
[1.305s] -- Found Threads: TRUE  
[1.459s] CMake Error at CMakeLists.txt:27 (install):
[1.459s]   install TARGETS given target "&{target}" which does not exist.
[1.459s] 
[1.459s] 
[1.460s] CMake Error at CMakeLists.txt:27 (install):
[1.460s]   install TARGETS given target "&{target}" which does not exist.
[1.460s] 
[1.460s] 
[1.514s] -- Configuring incomplete, errors occurred!
[1.514s] See also "/ros2_ws/build/tutorial_topic/CMakeFiles/CMakeOutput.log".
[1.514s] See also "/ros2_ws/build/tutorial_topic/CMakeFiles/CMakeError.log".
[1.520s] Invoked command in '/ros2_ws/build/tutorial_topic' returned '1': CMAKE_PREFIX_PATH=/opt/ros/foxy /usr/bin/cmake /ros2_ws/tutorial_topic -DCMAKE_INSTALL_PREFIX=/ros2_ws/install/tutorial_topic
