[0.312s] DEBUG:colcon:Command line arguments: ['/usr/bin/colcon', 'build']
[0.312s] DEBUG:colcon:Parsed command line arguments: Namespace(ament_cmake_args=None, base_paths=['.'], build_base='build', catkin_cmake_args=None, catkin_skip_building_tests=False, cmake_args=None, cmake_clean_cache=False, cmake_clean_first=False, cmake_force_configure=False, cmake_target=None, cmake_target_skip_unavailable=False, continue_on_error=False, event_handlers=None, executor='parallel', ignore_user_meta=False, install_base='install', log_base=None, log_level=None, main=<bound method BuildVerb.main of <colcon_core.verb.build.BuildVerb object at 0x7ef51baac2b0>>, merge_install=False, metas=['./colcon.meta'], mixin=None, mixin_files=None, mixin_verb=('build',), packages_above=None, packages_above_and_dependencies=None, packages_above_depth=None, packages_end=None, packages_ignore=None, packages_ignore_regex=None, packages_select=None, packages_select_build_failed=False, packages_select_by_dep=None, packages_select_regex=None, packages_select_test_failures=False, packages_skip=None, packages_skip_build_finished=False, packages_skip_by_dep=None, packages_skip_regex=None, packages_skip_test_passed=False, packages_skip_up_to=None, packages_start=None, packages_up_to=None, packages_up_to_regex=None, parallel_workers=8, paths=None, symlink_install=False, test_result_base=None, verb_extension=<colcon_core.verb.build.BuildVerb object at 0x7ef51baac2b0>, verb_name='build', verb_parser=<colcon_mixin.mixin.mixin_argument.MixinArgumentDecorator object at 0x7ef51baac910>)
[0.337s] Level 1:colcon.colcon_core.package_discovery:discover_packages(colcon_meta) check parameters
[0.337s] INFO:colcon.colcon_metadata.package_discovery.colcon_meta:Using configuration from '/root/.colcon/metadata/default/Gazebo.meta'
[0.338s] INFO:colcon.colcon_metadata.package_discovery.colcon_meta:Using configuration from '/root/.colcon/metadata/default/fastrtps.meta'
[0.338s] Level 1:colcon.colcon_core.package_discovery:discover_packages(recursive) check parameters
[0.338s] Level 1:colcon.colcon_core.package_discovery:discover_packages(ignore) check parameters
[0.338s] Level 1:colcon.colcon_core.package_discovery:discover_packages(path) check parameters
[0.338s] Level 1:colcon.colcon_core.package_discovery:discover_packages(colcon_meta) discover
[0.338s] Level 1:colcon.colcon_core.package_discovery:discover_packages(recursive) discover
[0.338s] INFO:colcon.colcon_core.package_discovery:Crawling recursively for packages in '/ros2_ws'
[0.338s] Level 1:colcon.colcon_core.package_identification:_identify(.) by extensions ['ignore', 'ignore_ament_install']
[0.338s] Level 1:colcon.colcon_core.package_identification:_identify(.) by extension 'ignore'
[0.338s] Level 1:colcon.colcon_core.package_identification:_identify(.) by extension 'ignore_ament_install'
[0.338s] Level 1:colcon.colcon_core.package_identification:_identify(.) by extensions ['colcon_pkg']
[0.338s] Level 1:colcon.colcon_core.package_identification:_identify(.) by extension 'colcon_pkg'
[0.338s] Level 1:colcon.colcon_core.package_identification:_identify(.) by extensions ['colcon_meta']
[0.338s] Level 1:colcon.colcon_core.package_identification:_identify(.) by extension 'colcon_meta'
[0.338s] Level 1:colcon.colcon_core.package_identification:_identify(.) by extensions ['ros']
[0.338s] Level 1:colcon.colcon_core.package_identification:_identify(.) by extension 'ros'
[0.356s] Level 1:colcon.colcon_core.package_identification:_identify(.) by extensions ['cmake', 'python']
[0.356s] Level 1:colcon.colcon_core.package_identification:_identify(.) by extension 'cmake'
[0.356s] Level 1:colcon.colcon_core.package_identification:_identify(.) by extension 'python'
[0.357s] Level 1:colcon.colcon_core.package_identification:_identify(.) by extensions ['python_setup_py']
[0.357s] Level 1:colcon.colcon_core.package_identification:_identify(.) by extension 'python_setup_py'
[0.357s] Level 1:colcon.colcon_core.package_identification:_identify(build) by extensions ['ignore', 'ignore_ament_install']
[0.357s] Level 1:colcon.colcon_core.package_identification:_identify(build) by extension 'ignore'
[0.357s] Level 1:colcon.colcon_core.package_identification:_identify(build) ignored
[0.357s] Level 1:colcon.colcon_core.package_identification:_identify(install) by extensions ['ignore', 'ignore_ament_install']
[0.357s] Level 1:colcon.colcon_core.package_identification:_identify(install) by extension 'ignore'
[0.357s] Level 1:colcon.colcon_core.package_identification:_identify(install) ignored
[0.357s] Level 1:colcon.colcon_core.package_identification:_identify(log) by extensions ['ignore', 'ignore_ament_install']
[0.357s] Level 1:colcon.colcon_core.package_identification:_identify(log) by extension 'ignore'
[0.357s] Level 1:colcon.colcon_core.package_identification:_identify(log) ignored
[0.357s] Level 1:colcon.colcon_core.package_identification:_identify(tutorial_interfaces) by extensions ['ignore', 'ignore_ament_install']
[0.358s] Level 1:colcon.colcon_core.package_identification:_identify(tutorial_interfaces) by extension 'ignore'
[0.358s] Level 1:colcon.colcon_core.package_identification:_identify(tutorial_interfaces) by extension 'ignore_ament_install'
[0.358s] Level 1:colcon.colcon_core.package_identification:_identify(tutorial_interfaces) by extensions ['colcon_pkg']
[0.358s] Level 1:colcon.colcon_core.package_identification:_identify(tutorial_interfaces) by extension 'colcon_pkg'
[0.358s] Level 1:colcon.colcon_core.package_identification:_identify(tutorial_interfaces) by extensions ['colcon_meta']
[0.358s] Level 1:colcon.colcon_core.package_identification:_identify(tutorial_interfaces) by extension 'colcon_meta'
[0.358s] Level 1:colcon.colcon_core.package_identification:_identify(tutorial_interfaces) by extensions ['ros']
[0.358s] Level 1:colcon.colcon_core.package_identification:_identify(tutorial_interfaces) by extension 'ros'
[0.360s] DEBUG:colcon.colcon_core.package_identification:Package 'tutorial_interfaces' with type 'ros.ament_cmake' and name 'tutorial_interfaces'
[0.360s] Level 1:colcon.colcon_core.package_identification:_identify(tutorial_topic) by extensions ['ignore', 'ignore_ament_install']
[0.361s] Level 1:colcon.colcon_core.package_identification:_identify(tutorial_topic) by extension 'ignore'
[0.361s] Level 1:colcon.colcon_core.package_identification:_identify(tutorial_topic) by extension 'ignore_ament_install'
[0.361s] Level 1:colcon.colcon_core.package_identification:_identify(tutorial_topic) by extensions ['colcon_pkg']
[0.361s] Level 1:colcon.colcon_core.package_identification:_identify(tutorial_topic) by extension 'colcon_pkg'
[0.361s] Level 1:colcon.colcon_core.package_identification:_identify(tutorial_topic) by extensions ['colcon_meta']
[0.361s] Level 1:colcon.colcon_core.package_identification:_identify(tutorial_topic) by extension 'colcon_meta'
[0.361s] Level 1:colcon.colcon_core.package_identification:_identify(tutorial_topic) by extensions ['ros']
[0.361s] Level 1:colcon.colcon_core.package_identification:_identify(tutorial_topic) by extension 'ros'
[0.362s] DEBUG:colcon.colcon_core.package_identification:Package 'tutorial_topic' with type 'ros.ament_cmake' and name 'tutorial_topic'
[0.362s] Level 1:colcon.colcon_core.package_discovery:discover_packages(recursive) using defaults
[0.362s] Level 1:colcon.colcon_core.package_discovery:discover_packages(ignore) discover
[0.362s] Level 1:colcon.colcon_core.package_discovery:discover_packages(ignore) using defaults
[0.362s] Level 1:colcon.colcon_core.package_discovery:discover_packages(path) discover
[0.362s] Level 1:colcon.colcon_core.package_discovery:discover_packages(path) using defaults
[0.382s] Level 5:colcon.colcon_core.verb:set package 'tutorial_interfaces' build argument 'cmake_args' from command line to 'None'
[0.382s] Level 5:colcon.colcon_core.verb:set package 'tutorial_interfaces' build argument 'cmake_target' from command line to 'None'
[0.382s] Level 5:colcon.colcon_core.verb:set package 'tutorial_interfaces' build argument 'cmake_target_skip_unavailable' from command line to 'False'
[0.382s] Level 5:colcon.colcon_core.verb:set package 'tutorial_interfaces' build argument 'cmake_clean_cache' from command line to 'False'
[0.382s] Level 5:colcon.colcon_core.verb:set package 'tutorial_interfaces' build argument 'cmake_clean_first' from command line to 'False'
[0.382s] Level 5:colcon.colcon_core.verb:set package 'tutorial_interfaces' build argument 'cmake_force_configure' from command line to 'False'
[0.382s] Level 5:colcon.colcon_core.verb:set package 'tutorial_interfaces' build argument 'ament_cmake_args' from command line to 'None'
[0.382s] Level 5:colcon.colcon_core.verb:set package 'tutorial_interfaces' build argument 'catkin_cmake_args' from command line to 'None'
[0.382s] Level 5:colcon.colcon_core.verb:set package 'tutorial_interfaces' build argument 'catkin_skip_building_tests' from command line to 'False'
[0.382s] DEBUG:colcon.colcon_core.verb:Building package 'tutorial_interfaces' with the following arguments: {'ament_cmake_args': None, 'build_base': '/ros2_ws/build/tutorial_interfaces', 'catkin_cmake_args': None, 'catkin_skip_building_tests': False, 'cmake_args': None, 'cmake_clean_cache': False, 'cmake_clean_first': False, 'cmake_force_configure': False, 'cmake_target': None, 'cmake_target_skip_unavailable': False, 'install_base': '/ros2_ws/install/tutorial_interfaces', 'merge_install': False, 'path': '/ros2_ws/tutorial_interfaces', 'symlink_install': False, 'test_result_base': None}
[0.383s] Level 5:colcon.colcon_core.verb:set package 'tutorial_topic' build argument 'cmake_args' from command line to 'None'
[0.383s] Level 5:colcon.colcon_core.verb:set package 'tutorial_topic' build argument 'cmake_target' from command line to 'None'
[0.383s] Level 5:colcon.colcon_core.verb:set package 'tutorial_topic' build argument 'cmake_target_skip_unavailable' from command line to 'False'
[0.383s] Level 5:colcon.colcon_core.verb:set package 'tutorial_topic' build argument 'cmake_clean_cache' from command line to 'False'
[0.383s] Level 5:colcon.colcon_core.verb:set package 'tutorial_topic' build argument 'cmake_clean_first' from command line to 'False'
[0.383s] Level 5:colcon.colcon_core.verb:set package 'tutorial_topic' build argument 'cmake_force_configure' from command line to 'False'
[0.383s] Level 5:colcon.colcon_core.verb:set package 'tutorial_topic' build argument 'ament_cmake_args' from command line to 'None'
[0.383s] Level 5:colcon.colcon_core.verb:set package 'tutorial_topic' build argument 'catkin_cmake_args' from command line to 'None'
[0.383s] Level 5:colcon.colcon_core.verb:set package 'tutorial_topic' build argument 'catkin_skip_building_tests' from command line to 'False'
[0.383s] DEBUG:colcon.colcon_core.verb:Building package 'tutorial_topic' with the following arguments: {'ament_cmake_args': None, 'build_base': '/ros2_ws/build/tutorial_topic', 'catkin_cmake_args': None, 'catkin_skip_building_tests': False, 'cmake_args': None, 'cmake_clean_cache': False, 'cmake_clean_first': False, 'cmake_force_configure': False, 'cmake_target': None, 'cmake_target_skip_unavailable': False, 'install_base': '/ros2_ws/install/tutorial_topic', 'merge_install': False, 'path': '/ros2_ws/tutorial_topic', 'symlink_install': False, 'test_result_base': None}
[0.384s] INFO:colcon.colcon_core.executor:Executing jobs using 'parallel' executor
[0.387s] DEBUG:colcon.colcon_parallel_executor.executor.parallel:run_until_complete
[0.387s] INFO:colcon.colcon_ros.task.ament_cmake.build:Building ROS package in '/ros2_ws/tutorial_interfaces' with build type 'ament_cmake'
[0.387s] INFO:colcon.colcon_cmake.task.cmake.build:Building CMake package in '/ros2_ws/tutorial_interfaces'
[0.394s] INFO:colcon.colcon_core.plugin_system:Skipping extension 'colcon_core.shell.bat': Not used on non-Windows systems
[0.394s] INFO:colcon.colcon_core.shell:Skip shell extension 'powershell' for command environment: Not usable outside of PowerShell
[0.394s] DEBUG:colcon.colcon_core.shell:Skip shell extension 'dsv' for command environment
[0.401s] INFO:colcon.colcon_ros.task.ament_cmake.build:Building ROS package in '/ros2_ws/tutorial_topic' with build type 'ament_cmake'
[0.402s] INFO:colcon.colcon_cmake.task.cmake.build:Building CMake package in '/ros2_ws/tutorial_topic'
[0.403s] INFO:colcon.colcon_core.shell:Skip shell extension 'powershell' for command environment: Not usable outside of PowerShell
[0.403s] DEBUG:colcon.colcon_core.shell:Skip shell extension 'dsv' for command environment
[0.411s] DEBUG:colcon.colcon_core.event_handler.log_command:Invoking command in '/ros2_ws/build/tutorial_interfaces': CMAKE_PREFIX_PATH=/opt/ros/foxy /usr/bin/cmake /ros2_ws/tutorial_interfaces -DCMAKE_INSTALL_PREFIX=/ros2_ws/install/tutorial_interfaces
[0.421s] DEBUG:colcon.colcon_core.event_handler.log_command:Invoking command in '/ros2_ws/build/tutorial_topic': CMAKE_PREFIX_PATH=/opt/ros/foxy /usr/bin/cmake --build /ros2_ws/build/tutorial_topic -- -j8 -l8
[0.502s] DEBUG:colcon.colcon_core.event_handler.log_command:Invoked command in '/ros2_ws/build/tutorial_topic' returned '0': CMAKE_PREFIX_PATH=/opt/ros/foxy /usr/bin/cmake --build /ros2_ws/build/tutorial_topic -- -j8 -l8
[0.537s] DEBUG:colcon.colcon_core.event_handler.log_command:Invoking command in '/ros2_ws/build/tutorial_topic': CMAKE_PREFIX_PATH=/opt/ros/foxy /usr/bin/cmake --install /ros2_ws/build/tutorial_topic
[0.550s] Level 1:colcon.colcon_core.environment:create_environment_scripts_only(tutorial_topic)
[0.551s] DEBUG:colcon.colcon_core.event_handler.log_command:Invoked command in '/ros2_ws/build/tutorial_topic' returned '0': CMAKE_PREFIX_PATH=/opt/ros/foxy /usr/bin/cmake --install /ros2_ws/build/tutorial_topic
[0.556s] Level 1:colcon.colcon_core.environment:checking '/ros2_ws/install/tutorial_topic' for CMake module files
[0.557s] Level 1:colcon.colcon_core.environment:checking '/ros2_ws/install/tutorial_topic' for CMake config files
[0.557s] Level 1:colcon.colcon_core.shell:create_environment_hook('tutorial_topic', 'cmake_prefix_path')
[0.559s] INFO:colcon.colcon_core.shell:Creating environment hook '/ros2_ws/install/tutorial_topic/share/tutorial_topic/hook/cmake_prefix_path.ps1'
[0.559s] INFO:colcon.colcon_core.shell:Creating environment descriptor '/ros2_ws/install/tutorial_topic/share/tutorial_topic/hook/cmake_prefix_path.dsv'
[0.560s] INFO:colcon.colcon_core.shell:Creating environment hook '/ros2_ws/install/tutorial_topic/share/tutorial_topic/hook/cmake_prefix_path.sh'
[0.561s] Level 1:colcon.colcon_core.environment:checking '/ros2_ws/install/tutorial_topic/lib'
[0.561s] Level 1:colcon.colcon_core.environment:checking '/ros2_ws/install/tutorial_topic/bin'
[0.561s] Level 1:colcon.colcon_core.environment:checking '/ros2_ws/install/tutorial_topic/lib/pkgconfig/tutorial_topic.pc'
[0.562s] Level 1:colcon.colcon_core.environment:checking '/ros2_ws/install/tutorial_topic/lib/python3.8/site-packages'
[0.562s] Level 1:colcon.colcon_core.environment:checking '/ros2_ws/install/tutorial_topic/bin'
[0.563s] INFO:colcon.colcon_core.shell:Creating package script '/ros2_ws/install/tutorial_topic/share/tutorial_topic/package.ps1'
[0.564s] INFO:colcon.colcon_core.shell:Creating package descriptor '/ros2_ws/install/tutorial_topic/share/tutorial_topic/package.dsv'
[0.565s] INFO:colcon.colcon_core.shell:Creating package script '/ros2_ws/install/tutorial_topic/share/tutorial_topic/package.sh'
[0.566s] INFO:colcon.colcon_core.shell:Creating package script '/ros2_ws/install/tutorial_topic/share/tutorial_topic/package.bash'
[0.566s] INFO:colcon.colcon_core.shell:Creating package script '/ros2_ws/install/tutorial_topic/share/tutorial_topic/package.zsh'
[0.567s] Level 1:colcon.colcon_core.environment:create_file_with_runtime_dependencies(/ros2_ws/install/tutorial_topic/share/colcon-core/packages/tutorial_topic)
[0.594s] Level 1:colcon.colcon_core.environment:create_environment_scripts_only(tutorial_topic)
[0.596s] Level 1:colcon.colcon_core.environment:checking '/ros2_ws/install/tutorial_topic' for CMake module files
[0.596s] Level 1:colcon.colcon_core.environment:checking '/ros2_ws/install/tutorial_topic' for CMake config files
[0.597s] Level 1:colcon.colcon_core.shell:create_environment_hook('tutorial_topic', 'cmake_prefix_path')
[0.598s] INFO:colcon.colcon_core.shell:Creating environment hook '/ros2_ws/install/tutorial_topic/share/tutorial_topic/hook/cmake_prefix_path.ps1'
[0.599s] INFO:colcon.colcon_core.shell:Creating environment descriptor '/ros2_ws/install/tutorial_topic/share/tutorial_topic/hook/cmake_prefix_path.dsv'
[0.599s] INFO:colcon.colcon_core.shell:Creating environment hook '/ros2_ws/install/tutorial_topic/share/tutorial_topic/hook/cmake_prefix_path.sh'
[0.600s] Level 1:colcon.colcon_core.environment:checking '/ros2_ws/install/tutorial_topic/lib'
[0.600s] Level 1:colcon.colcon_core.environment:checking '/ros2_ws/install/tutorial_topic/bin'
[0.600s] Level 1:colcon.colcon_core.environment:checking '/ros2_ws/install/tutorial_topic/lib/pkgconfig/tutorial_topic.pc'
[0.600s] Level 1:colcon.colcon_core.environment:checking '/ros2_ws/install/tutorial_topic/lib/python3.8/site-packages'
[0.600s] Level 1:colcon.colcon_core.environment:checking '/ros2_ws/install/tutorial_topic/bin'
[0.602s] INFO:colcon.colcon_core.shell:Creating package script '/ros2_ws/install/tutorial_topic/share/tutorial_topic/package.ps1'
[0.602s] INFO:colcon.colcon_core.shell:Creating package descriptor '/ros2_ws/install/tutorial_topic/share/tutorial_topic/package.dsv'
[0.603s] INFO:colcon.colcon_core.shell:Creating package script '/ros2_ws/install/tutorial_topic/share/tutorial_topic/package.sh'
[0.603s] INFO:colcon.colcon_core.shell:Creating package script '/ros2_ws/install/tutorial_topic/share/tutorial_topic/package.bash'
[0.603s] INFO:colcon.colcon_core.shell:Creating package script '/ros2_ws/install/tutorial_topic/share/tutorial_topic/package.zsh'
[0.604s] Level 1:colcon.colcon_core.environment:create_file_with_runtime_dependencies(/ros2_ws/install/tutorial_topic/share/colcon-core/packages/tutorial_topic)
[1.160s] DEBUG:colcon.colcon_core.event_handler.log_command:Invoked command in '/ros2_ws/build/tutorial_interfaces' returned '0': CMAKE_PREFIX_PATH=/opt/ros/foxy /usr/bin/cmake /ros2_ws/tutorial_interfaces -DCMAKE_INSTALL_PREFIX=/ros2_ws/install/tutorial_interfaces
[1.162s] DEBUG:colcon.colcon_core.event_handler.log_command:Invoking command in '/ros2_ws/build/tutorial_interfaces': CMAKE_PREFIX_PATH=/opt/ros/foxy /usr/bin/cmake --build /ros2_ws/build/tutorial_interfaces -- -j8 -l8
[1.203s] DEBUG:colcon.colcon_core.event_handler.log_command:Invoked command in '/ros2_ws/build/tutorial_interfaces' returned '0': CMAKE_PREFIX_PATH=/opt/ros/foxy /usr/bin/cmake --build /ros2_ws/build/tutorial_interfaces -- -j8 -l8
[1.225s] DEBUG:colcon.colcon_core.event_handler.log_command:Invoking command in '/ros2_ws/build/tutorial_interfaces': CMAKE_PREFIX_PATH=/opt/ros/foxy /usr/bin/cmake --install /ros2_ws/build/tutorial_interfaces
[1.238s] Level 1:colcon.colcon_core.environment:create_environment_scripts_only(tutorial_interfaces)
[1.240s] Level 1:colcon.colcon_core.environment:checking '/ros2_ws/install/tutorial_interfaces' for CMake module files
[1.241s] DEBUG:colcon.colcon_core.event_handler.log_command:Invoked command in '/ros2_ws/build/tutorial_interfaces' returned '0': CMAKE_PREFIX_PATH=/opt/ros/foxy /usr/bin/cmake --install /ros2_ws/build/tutorial_interfaces
[1.241s] Level 1:colcon.colcon_core.environment:checking '/ros2_ws/install/tutorial_interfaces' for CMake config files
[1.241s] Level 1:colcon.colcon_core.shell:create_environment_hook('tutorial_interfaces', 'cmake_prefix_path')
[1.243s] INFO:colcon.colcon_core.shell:Creating environment hook '/ros2_ws/install/tutorial_interfaces/share/tutorial_interfaces/hook/cmake_prefix_path.ps1'
[1.244s] INFO:colcon.colcon_core.shell:Creating environment descriptor '/ros2_ws/install/tutorial_interfaces/share/tutorial_interfaces/hook/cmake_prefix_path.dsv'
[1.244s] INFO:colcon.colcon_core.shell:Creating environment hook '/ros2_ws/install/tutorial_interfaces/share/tutorial_interfaces/hook/cmake_prefix_path.sh'
[1.245s] Level 1:colcon.colcon_core.environment:checking '/ros2_ws/install/tutorial_interfaces/bin'
[1.245s] Level 1:colcon.colcon_core.environment:checking '/ros2_ws/install/tutorial_interfaces/lib/pkgconfig/tutorial_interfaces.pc'
[1.245s] Level 1:colcon.colcon_core.environment:checking '/ros2_ws/install/tutorial_interfaces/lib/python3.8/site-packages'
[1.245s] Level 1:colcon.colcon_core.environment:checking '/ros2_ws/install/tutorial_interfaces/bin'
[1.247s] INFO:colcon.colcon_core.shell:Creating package script '/ros2_ws/install/tutorial_interfaces/share/tutorial_interfaces/package.ps1'
[1.247s] INFO:colcon.colcon_core.shell:Creating package descriptor '/ros2_ws/install/tutorial_interfaces/share/tutorial_interfaces/package.dsv'
[1.248s] INFO:colcon.colcon_core.shell:Creating package script '/ros2_ws/install/tutorial_interfaces/share/tutorial_interfaces/package.sh'
[1.248s] INFO:colcon.colcon_core.shell:Creating package script '/ros2_ws/install/tutorial_interfaces/share/tutorial_interfaces/package.bash'
[1.249s] INFO:colcon.colcon_core.shell:Creating package script '/ros2_ws/install/tutorial_interfaces/share/tutorial_interfaces/package.zsh'
[1.249s] Level 1:colcon.colcon_core.environment:create_file_with_runtime_dependencies(/ros2_ws/install/tutorial_interfaces/share/colcon-core/packages/tutorial_interfaces)
[1.271s] Level 1:colcon.colcon_core.environment:create_environment_scripts_only(tutorial_interfaces)
[1.273s] Level 1:colcon.colcon_core.environment:checking '/ros2_ws/install/tutorial_interfaces' for CMake module files
[1.273s] Level 1:colcon.colcon_core.environment:checking '/ros2_ws/install/tutorial_interfaces' for CMake config files
[1.273s] Level 1:colcon.colcon_core.shell:create_environment_hook('tutorial_interfaces', 'cmake_prefix_path')
[1.275s] INFO:colcon.colcon_core.shell:Creating environment hook '/ros2_ws/install/tutorial_interfaces/share/tutorial_interfaces/hook/cmake_prefix_path.ps1'
[1.275s] INFO:colcon.colcon_core.shell:Creating environment descriptor '/ros2_ws/install/tutorial_interfaces/share/tutorial_interfaces/hook/cmake_prefix_path.dsv'
[1.276s] INFO:colcon.colcon_core.shell:Creating environment hook '/ros2_ws/install/tutorial_interfaces/share/tutorial_interfaces/hook/cmake_prefix_path.sh'
[1.276s] Level 1:colcon.colcon_core.environment:checking '/ros2_ws/install/tutorial_interfaces/bin'
[1.276s] Level 1:colcon.colcon_core.environment:checking '/ros2_ws/install/tutorial_interfaces/lib/pkgconfig/tutorial_interfaces.pc'
[1.276s] Level 1:colcon.colcon_core.environment:checking '/ros2_ws/install/tutorial_interfaces/lib/python3.8/site-packages'
[1.277s] Level 1:colcon.colcon_core.environment:checking '/ros2_ws/install/tutorial_interfaces/bin'
[1.278s] INFO:colcon.colcon_core.shell:Creating package script '/ros2_ws/install/tutorial_interfaces/share/tutorial_interfaces/package.ps1'
[1.278s] INFO:colcon.colcon_core.shell:Creating package descriptor '/ros2_ws/install/tutorial_interfaces/share/tutorial_interfaces/package.dsv'
[1.279s] INFO:colcon.colcon_core.shell:Creating package script '/ros2_ws/install/tutorial_interfaces/share/tutorial_interfaces/package.sh'
[1.279s] INFO:colcon.colcon_core.shell:Creating package script '/ros2_ws/install/tutorial_interfaces/share/tutorial_interfaces/package.bash'
[1.279s] INFO:colcon.colcon_core.shell:Creating package script '/ros2_ws/install/tutorial_interfaces/share/tutorial_interfaces/package.zsh'
[1.280s] Level 1:colcon.colcon_core.environment:create_file_with_runtime_dependencies(/ros2_ws/install/tutorial_interfaces/share/colcon-core/packages/tutorial_interfaces)
[1.280s] DEBUG:colcon.colcon_parallel_executor.executor.parallel:closing loop
[1.281s] DEBUG:colcon.colcon_parallel_executor.executor.parallel:loop closed
[1.281s] DEBUG:colcon.colcon_parallel_executor.executor.parallel:run_until_complete finished with '0'
[1.281s] DEBUG:colcon.colcon_core.event_reactor:joining thread
[1.288s] INFO:colcon.colcon_core.plugin_system:Skipping extension 'colcon_notification.desktop_notification.notify_send': Could not find 'notify-send'
[1.288s] INFO:colcon.colcon_core.plugin_system:Skipping extension 'colcon_notification.desktop_notification.terminal_notifier': Not used on non-Darwin systems
[1.288s] INFO:colcon.colcon_core.plugin_system:Skipping extension 'colcon_notification.desktop_notification.win32': Not used on non-Windows systems
[1.288s] INFO:colcon.colcon_notification.desktop_notification:Sending desktop notification using 'notify2'
[1.288s] DEBUG:colcon.colcon_notification.desktop_notification.notify2:Failed to initialize notify2: org.freedesktop.DBus.Error.NotSupported: Unable to autolaunch a dbus-daemon without a $DISPLAY for X11
[1.288s] DEBUG:colcon.colcon_core.event_reactor:joined thread
[1.290s] INFO:colcon.colcon_core.shell:Creating prefix script '/ros2_ws/install/local_setup.ps1'
[1.291s] INFO:colcon.colcon_core.shell:Creating prefix util module '/ros2_ws/install/_local_setup_util_ps1.py'
[1.292s] INFO:colcon.colcon_core.shell:Creating prefix chain script '/ros2_ws/install/setup.ps1'
[1.294s] INFO:colcon.colcon_core.shell:Creating prefix script '/ros2_ws/install/local_setup.sh'
[1.294s] INFO:colcon.colcon_core.shell:Creating prefix util module '/ros2_ws/install/_local_setup_util_sh.py'
[1.295s] INFO:colcon.colcon_core.shell:Creating prefix chain script '/ros2_ws/install/setup.sh'
[1.296s] INFO:colcon.colcon_core.shell:Creating prefix script '/ros2_ws/install/local_setup.bash'
[1.296s] INFO:colcon.colcon_core.shell:Creating prefix chain script '/ros2_ws/install/setup.bash'
[1.298s] INFO:colcon.colcon_core.shell:Creating prefix script '/ros2_ws/install/local_setup.zsh'
[1.298s] INFO:colcon.colcon_core.shell:Creating prefix chain script '/ros2_ws/install/setup.zsh'
