[0.022s] Invoking command in '/ros2_ws/build/tutorial_topic': CMAKE_PREFIX_PATH=${CMAKE_PREFIX_PATH}:/opt/ros/foxy /usr/bin/cmake --build /ros2_ws/build/tutorial_topic -- -j8 -l8
[0.079s] [35m[1mScanning dependencies of target subscriber[0m
[0.103s] [ 25%] [32mBuilding CXX object CMakeFiles/subscriber.dir/src/subscriber.cpp.o[0m
[0.105s] [ 75%] Built target publisher
[4.622s] [100%] [32m[1mLinking CXX executable subscriber[0m
[4.875s] [100%] Built target subscriber
[4.886s] Invoked command in '/ros2_ws/build/tutorial_topic' returned '0': CMAKE_PREFIX_PATH=${CMAKE_PREFIX_PATH}:/opt/ros/foxy /usr/bin/cmake --build /ros2_ws/build/tutorial_topic -- -j8 -l8
[4.925s] Invoking command in '/ros2_ws/build/tutorial_topic': CMAKE_PREFIX_PATH=${CMAKE_PREFIX_PATH}:/opt/ros/foxy /usr/bin/cmake --install /ros2_ws/build/tutorial_topic
[4.933s] -- Install configuration: ""
[4.934s] -- Up-to-date: /ros2_ws/install/tutorial_topic/lib/tutorial_topic/publisher
[4.934s] -- Installing: /ros2_ws/install/tutorial_topic/lib/tutorial_topic/subscriber
[4.935s] -- Set runtime path of "/ros2_ws/install/tutorial_topic/lib/tutorial_topic/subscriber" to ""
[4.935s] -- Up-to-date: /ros2_ws/install/tutorial_topic/share/ament_index/resource_index/package_run_dependencies/tutorial_topic
[4.936s] -- Up-to-date: /ros2_ws/install/tutorial_topic/share/ament_index/resource_index/parent_prefix_path/tutorial_topic
[4.936s] -- Up-to-date: /ros2_ws/install/tutorial_topic/share/tutorial_topic/environment/ament_prefix_path.sh
[4.936s] -- Up-to-date: /ros2_ws/install/tutorial_topic/share/tutorial_topic/environment/ament_prefix_path.dsv
[4.936s] -- Up-to-date: /ros2_ws/install/tutorial_topic/share/tutorial_topic/environment/path.sh
[4.936s] -- Up-to-date: /ros2_ws/install/tutorial_topic/share/tutorial_topic/environment/path.dsv
[4.936s] -- Up-to-date: /ros2_ws/install/tutorial_topic/share/tutorial_topic/local_setup.bash
[4.936s] -- Up-to-date: /ros2_ws/install/tutorial_topic/share/tutorial_topic/local_setup.sh
[4.936s] -- Up-to-date: /ros2_ws/install/tutorial_topic/share/tutorial_topic/local_setup.zsh
[4.936s] -- Up-to-date: /ros2_ws/install/tutorial_topic/share/tutorial_topic/local_setup.dsv
[4.936s] -- Installing: /ros2_ws/install/tutorial_topic/share/tutorial_topic/package.dsv
[4.936s] -- Up-to-date: /ros2_ws/install/tutorial_topic/share/ament_index/resource_index/packages/tutorial_topic
[4.936s] -- Up-to-date: /ros2_ws/install/tutorial_topic/share/tutorial_topic/cmake/tutorial_topicConfig.cmake
[4.936s] -- Up-to-date: /ros2_ws/install/tutorial_topic/share/tutorial_topic/cmake/tutorial_topicConfig-version.cmake
[4.937s] -- Up-to-date: /ros2_ws/install/tutorial_topic/share/tutorial_topic/package.xml
[4.938s] Invoked command in '/ros2_ws/build/tutorial_topic' returned '0': CMAKE_PREFIX_PATH=${CMAKE_PREFIX_PATH}:/opt/ros/foxy /usr/bin/cmake --install /ros2_ws/build/tutorial_topic
