[0.045s] Invoking command in '/ros2_ws/build/tutorial_interfaces': CMAKE_PREFIX_PATH=${CMAKE_PREFIX_PATH}:/opt/ros/foxy /usr/bin/cmake --build /ros2_ws/build/tutorial_interfaces -- -j8 -l8
[0.142s] [  3%] Built target tutorial_interfaces__cpp
[0.145s] [ 12%] Built target tutorial_interfaces__rosidl_generator_c
[0.194s] [ 22%] Built target tutorial_interfaces__rosidl_typesupport_cpp
[0.198s] [ 32%] Built target tutorial_interfaces__rosidl_typesupport_introspection_cpp
[0.204s] [ 41%] Built target tutorial_interfaces__rosidl_typesupport_c
[0.207s] [ 51%] Built target tutorial_interfaces__rosidl_typesupport_introspection_c
[0.211s] [ 61%] Built target tutorial_interfaces__rosidl_typesupport_fastrtps_cpp
[0.262s] [ 70%] Built target tutorial_interfaces__rosidl_typesupport_fastrtps_c
[0.299s] [ 70%] Built target tutorial_interfaces
[0.337s] [ 74%] Built target tutorial_interfaces__py
[0.384s] [ 80%] Built target tutorial_interfaces__python
[0.434s] [ 93%] Built target tutorial_interfaces__rosidl_typesupport_fastrtps_c__pyext
[0.434s] [ 93%] Built target tutorial_interfaces__rosidl_typesupport_introspection_c__pyext
[0.435s] [100%] Built target tutorial_interfaces__rosidl_typesupport_c__pyext
[0.455s] Invoked command in '/ros2_ws/build/tutorial_interfaces' returned '0': CMAKE_PREFIX_PATH=${CMAKE_PREFIX_PATH}:/opt/ros/foxy /usr/bin/cmake --build /ros2_ws/build/tutorial_interfaces -- -j8 -l8
[0.552s] Invoking command in '/ros2_ws/build/tutorial_interfaces': CMAKE_PREFIX_PATH=${CMAKE_PREFIX_PATH}:/opt/ros/foxy /usr/bin/cmake --install /ros2_ws/build/tutorial_interfaces
[0.584s] -- Install configuration: ""
[0.585s] -- Up-to-date: /ros2_ws/install/tutorial_interfaces/share/ament_index/resource_index/rosidl_interfaces/tutorial_interfaces
[0.585s] -- Up-to-date: /ros2_ws/install/tutorial_interfaces/include/tutorial_interfaces
[0.586s] -- Up-to-date: /ros2_ws/install/tutorial_interfaces/include/tutorial_interfaces/msg
[0.586s] -- Up-to-date: /ros2_ws/install/tutorial_interfaces/include/tutorial_interfaces/msg/detail
[0.586s] -- Up-to-date: /ros2_ws/install/tutorial_interfaces/include/tutorial_interfaces/msg/detail/int32_stamped__functions.c
[0.587s] -- Up-to-date: /ros2_ws/install/tutorial_interfaces/include/tutorial_interfaces/msg/detail/int32_stamped__struct.h
[0.587s] -- Up-to-date: /ros2_ws/install/tutorial_interfaces/include/tutorial_interfaces/msg/detail/int32_stamped__functions.h
[0.587s] -- Up-to-date: /ros2_ws/install/tutorial_interfaces/include/tutorial_interfaces/msg/detail/int32_stamped__type_support.h
[0.588s] -- Up-to-date: /ros2_ws/install/tutorial_interfaces/include/tutorial_interfaces/msg/rosidl_generator_c__visibility_control.h
[0.588s] -- Up-to-date: /ros2_ws/install/tutorial_interfaces/include/tutorial_interfaces/msg/int32_stamped.h
[0.589s] -- Up-to-date: /ros2_ws/install/tutorial_interfaces/share/tutorial_interfaces/environment/library_path.sh
[0.589s] -- Up-to-date: /ros2_ws/install/tutorial_interfaces/share/tutorial_interfaces/environment/library_path.dsv
[0.589s] -- Up-to-date: /ros2_ws/install/tutorial_interfaces/lib/libtutorial_interfaces__rosidl_generator_c.so
[0.590s] -- Up-to-date: /ros2_ws/install/tutorial_interfaces/include/tutorial_interfaces
[0.590s] -- Up-to-date: /ros2_ws/install/tutorial_interfaces/include/tutorial_interfaces/msg
[0.590s] -- Up-to-date: /ros2_ws/install/tutorial_interfaces/include/tutorial_interfaces/msg/rosidl_typesupport_fastrtps_c__visibility_control.h
[0.591s] -- Up-to-date: /ros2_ws/install/tutorial_interfaces/include/tutorial_interfaces/msg/detail
[0.591s] -- Up-to-date: /ros2_ws/install/tutorial_interfaces/include/tutorial_interfaces/msg/detail/int32_stamped__rosidl_typesupport_fastrtps_c.h
[0.592s] -- Up-to-date: /ros2_ws/install/tutorial_interfaces/lib/libtutorial_interfaces__rosidl_typesupport_fastrtps_c.so
[0.592s] -- Up-to-date: /ros2_ws/install/tutorial_interfaces/include/tutorial_interfaces
[0.593s] -- Up-to-date: /ros2_ws/install/tutorial_interfaces/include/tutorial_interfaces/msg
[0.593s] -- Up-to-date: /ros2_ws/install/tutorial_interfaces/include/tutorial_interfaces/msg/rosidl_typesupport_fastrtps_cpp__visibility_control.h
[0.594s] -- Up-to-date: /ros2_ws/install/tutorial_interfaces/include/tutorial_interfaces/msg/detail
[0.594s] -- Up-to-date: /ros2_ws/install/tutorial_interfaces/include/tutorial_interfaces/msg/detail/dds_fastrtps
[0.594s] -- Up-to-date: /ros2_ws/install/tutorial_interfaces/include/tutorial_interfaces/msg/detail/int32_stamped__rosidl_typesupport_fastrtps_cpp.hpp
[0.595s] -- Up-to-date: /ros2_ws/install/tutorial_interfaces/lib/libtutorial_interfaces__rosidl_typesupport_fastrtps_cpp.so
[0.595s] -- Up-to-date: /ros2_ws/install/tutorial_interfaces/include/tutorial_interfaces
[0.595s] -- Up-to-date: /ros2_ws/install/tutorial_interfaces/include/tutorial_interfaces/msg
[0.595s] -- Up-to-date: /ros2_ws/install/tutorial_interfaces/include/tutorial_interfaces/msg/rosidl_typesupport_introspection_c__visibility_control.h
[0.596s] -- Up-to-date: /ros2_ws/install/tutorial_interfaces/include/tutorial_interfaces/msg/detail
[0.597s] -- Up-to-date: /ros2_ws/install/tutorial_interfaces/include/tutorial_interfaces/msg/detail/int32_stamped__rosidl_typesupport_introspection_c.h
[0.597s] -- Up-to-date: /ros2_ws/install/tutorial_interfaces/include/tutorial_interfaces/msg/detail/int32_stamped__type_support.c
[0.597s] -- Up-to-date: /ros2_ws/install/tutorial_interfaces/lib/libtutorial_interfaces__rosidl_typesupport_introspection_c.so
[0.598s] -- Up-to-date: /ros2_ws/install/tutorial_interfaces/lib/libtutorial_interfaces__rosidl_typesupport_c.so
[0.598s] -- Up-to-date: /ros2_ws/install/tutorial_interfaces/include/tutorial_interfaces
[0.598s] -- Up-to-date: /ros2_ws/install/tutorial_interfaces/include/tutorial_interfaces/msg
[0.599s] -- Up-to-date: /ros2_ws/install/tutorial_interfaces/include/tutorial_interfaces/msg/int32_stamped.hpp
[0.599s] -- Up-to-date: /ros2_ws/install/tutorial_interfaces/include/tutorial_interfaces/msg/detail
[0.599s] -- Up-to-date: /ros2_ws/install/tutorial_interfaces/include/tutorial_interfaces/msg/detail/int32_stamped__builder.hpp
[0.601s] -- Up-to-date: /ros2_ws/install/tutorial_interfaces/include/tutorial_interfaces/msg/detail/int32_stamped__traits.hpp
[0.601s] -- Up-to-date: /ros2_ws/install/tutorial_interfaces/include/tutorial_interfaces/msg/detail/int32_stamped__type_support.hpp
[0.601s] -- Up-to-date: /ros2_ws/install/tutorial_interfaces/include/tutorial_interfaces/msg/detail/int32_stamped__struct.hpp
[0.601s] -- Up-to-date: /ros2_ws/install/tutorial_interfaces/include/tutorial_interfaces/msg/rosidl_generator_cpp__visibility_control.hpp
[0.602s] -- Up-to-date: /ros2_ws/install/tutorial_interfaces/include/tutorial_interfaces
[0.602s] -- Up-to-date: /ros2_ws/install/tutorial_interfaces/include/tutorial_interfaces/msg
[0.602s] -- Up-to-date: /ros2_ws/install/tutorial_interfaces/include/tutorial_interfaces/msg/detail
[0.603s] -- Up-to-date: /ros2_ws/install/tutorial_interfaces/include/tutorial_interfaces/msg/detail/int32_stamped__rosidl_typesupport_introspection_cpp.hpp
[0.604s] -- Up-to-date: /ros2_ws/install/tutorial_interfaces/include/tutorial_interfaces/msg/detail/int32_stamped__type_support.cpp
[0.605s] -- Up-to-date: /ros2_ws/install/tutorial_interfaces/lib/libtutorial_interfaces__rosidl_typesupport_introspection_cpp.so
[0.605s] -- Up-to-date: /ros2_ws/install/tutorial_interfaces/lib/libtutorial_interfaces__rosidl_typesupport_cpp.so
[0.605s] -- Up-to-date: /ros2_ws/install/tutorial_interfaces/share/tutorial_interfaces/environment/pythonpath.sh
[0.606s] -- Up-to-date: /ros2_ws/install/tutorial_interfaces/share/tutorial_interfaces/environment/pythonpath.dsv
[0.606s] -- Up-to-date: /ros2_ws/install/tutorial_interfaces/lib/python3.8/site-packages/tutorial_interfaces/__init__.py
[0.714s] -- Up-to-date: /ros2_ws/install/tutorial_interfaces/lib/python3.8/site-packages/tutorial_interfaces/msg
[0.714s] -- Up-to-date: /ros2_ws/install/tutorial_interfaces/lib/python3.8/site-packages/tutorial_interfaces/msg/_int32_stamped.py
[0.714s] -- Up-to-date: /ros2_ws/install/tutorial_interfaces/lib/python3.8/site-packages/tutorial_interfaces/msg/_int32_stamped_s.c
[0.714s] -- Up-to-date: /ros2_ws/install/tutorial_interfaces/lib/python3.8/site-packages/tutorial_interfaces/msg/__init__.py
[0.714s] -- Up-to-date: /ros2_ws/install/tutorial_interfaces/lib/python3.8/site-packages/tutorial_interfaces/tutorial_interfaces_s__rosidl_typesupport_fastrtps_c.cpython-38-x86_64-linux-gnu.so
[0.716s] -- Up-to-date: /ros2_ws/install/tutorial_interfaces/lib/python3.8/site-packages/tutorial_interfaces/tutorial_interfaces_s__rosidl_typesupport_introspection_c.cpython-38-x86_64-linux-gnu.so
[0.717s] -- Up-to-date: /ros2_ws/install/tutorial_interfaces/lib/python3.8/site-packages/tutorial_interfaces/tutorial_interfaces_s__rosidl_typesupport_c.cpython-38-x86_64-linux-gnu.so
[0.718s] -- Up-to-date: /ros2_ws/install/tutorial_interfaces/lib/libtutorial_interfaces__python.so
[0.719s] -- Up-to-date: /ros2_ws/install/tutorial_interfaces/share/tutorial_interfaces/msg/Int32Stamped.idl
[0.719s] -- Up-to-date: /ros2_ws/install/tutorial_interfaces/share/tutorial_interfaces/msg/Int32Stamped.msg
[0.720s] -- Up-to-date: /ros2_ws/install/tutorial_interfaces/share/ament_index/resource_index/package_run_dependencies/tutorial_interfaces
[0.720s] -- Up-to-date: /ros2_ws/install/tutorial_interfaces/share/ament_index/resource_index/parent_prefix_path/tutorial_interfaces
[0.720s] -- Up-to-date: /ros2_ws/install/tutorial_interfaces/share/tutorial_interfaces/environment/ament_prefix_path.sh
[0.720s] -- Up-to-date: /ros2_ws/install/tutorial_interfaces/share/tutorial_interfaces/environment/ament_prefix_path.dsv
[0.720s] -- Up-to-date: /ros2_ws/install/tutorial_interfaces/share/tutorial_interfaces/environment/path.sh
[0.721s] -- Up-to-date: /ros2_ws/install/tutorial_interfaces/share/tutorial_interfaces/environment/path.dsv
[0.721s] -- Up-to-date: /ros2_ws/install/tutorial_interfaces/share/tutorial_interfaces/local_setup.bash
[0.721s] -- Up-to-date: /ros2_ws/install/tutorial_interfaces/share/tutorial_interfaces/local_setup.sh
[0.721s] -- Up-to-date: /ros2_ws/install/tutorial_interfaces/share/tutorial_interfaces/local_setup.zsh
[0.721s] -- Up-to-date: /ros2_ws/install/tutorial_interfaces/share/tutorial_interfaces/local_setup.dsv
[0.721s] -- Installing: /ros2_ws/install/tutorial_interfaces/share/tutorial_interfaces/package.dsv
[0.722s] -- Up-to-date: /ros2_ws/install/tutorial_interfaces/share/ament_index/resource_index/packages/tutorial_interfaces
[0.722s] -- Up-to-date: /ros2_ws/install/tutorial_interfaces/share/tutorial_interfaces/cmake/tutorial_interfaces__rosidl_generator_cExport.cmake
[0.722s] -- Up-to-date: /ros2_ws/install/tutorial_interfaces/share/tutorial_interfaces/cmake/tutorial_interfaces__rosidl_generator_cExport-noconfig.cmake
[0.722s] -- Up-to-date: /ros2_ws/install/tutorial_interfaces/share/tutorial_interfaces/cmake/tutorial_interfaces__rosidl_typesupport_introspection_cExport.cmake
[0.722s] -- Up-to-date: /ros2_ws/install/tutorial_interfaces/share/tutorial_interfaces/cmake/tutorial_interfaces__rosidl_typesupport_introspection_cExport-noconfig.cmake
[0.722s] -- Up-to-date: /ros2_ws/install/tutorial_interfaces/share/tutorial_interfaces/cmake/tutorial_interfaces__rosidl_typesupport_cExport.cmake
[0.723s] -- Up-to-date: /ros2_ws/install/tutorial_interfaces/share/tutorial_interfaces/cmake/tutorial_interfaces__rosidl_typesupport_cExport-noconfig.cmake
[0.723s] -- Up-to-date: /ros2_ws/install/tutorial_interfaces/share/tutorial_interfaces/cmake/tutorial_interfaces__rosidl_generator_cppExport.cmake
[0.723s] -- Up-to-date: /ros2_ws/install/tutorial_interfaces/share/tutorial_interfaces/cmake/tutorial_interfaces__rosidl_typesupport_introspection_cppExport.cmake
[0.723s] -- Up-to-date: /ros2_ws/install/tutorial_interfaces/share/tutorial_interfaces/cmake/tutorial_interfaces__rosidl_typesupport_introspection_cppExport-noconfig.cmake
[0.724s] -- Up-to-date: /ros2_ws/install/tutorial_interfaces/share/tutorial_interfaces/cmake/tutorial_interfaces__rosidl_typesupport_cppExport.cmake
[0.725s] -- Up-to-date: /ros2_ws/install/tutorial_interfaces/share/tutorial_interfaces/cmake/tutorial_interfaces__rosidl_typesupport_cppExport-noconfig.cmake
[0.725s] -- Up-to-date: /ros2_ws/install/tutorial_interfaces/share/tutorial_interfaces/cmake/rosidl_cmake-extras.cmake
[0.725s] -- Up-to-date: /ros2_ws/install/tutorial_interfaces/share/tutorial_interfaces/cmake/ament_cmake_export_dependencies-extras.cmake
[0.725s] -- Up-to-date: /ros2_ws/install/tutorial_interfaces/share/tutorial_interfaces/cmake/ament_cmake_export_libraries-extras.cmake
[0.726s] -- Up-to-date: /ros2_ws/install/tutorial_interfaces/share/tutorial_interfaces/cmake/ament_cmake_export_targets-extras.cmake
[0.726s] -- Up-to-date: /ros2_ws/install/tutorial_interfaces/share/tutorial_interfaces/cmake/ament_cmake_export_include_directories-extras.cmake
[0.726s] -- Up-to-date: /ros2_ws/install/tutorial_interfaces/share/tutorial_interfaces/cmake/rosidl_cmake_export_typesupport_libraries-extras.cmake
[0.726s] -- Up-to-date: /ros2_ws/install/tutorial_interfaces/share/tutorial_interfaces/cmake/rosidl_cmake_export_typesupport_targets-extras.cmake
[0.726s] -- Up-to-date: /ros2_ws/install/tutorial_interfaces/share/tutorial_interfaces/cmake/tutorial_interfacesConfig.cmake
[0.726s] -- Up-to-date: /ros2_ws/install/tutorial_interfaces/share/tutorial_interfaces/cmake/tutorial_interfacesConfig-version.cmake
[0.726s] -- Up-to-date: /ros2_ws/install/tutorial_interfaces/share/tutorial_interfaces/package.xml
[0.735s] Invoked command in '/ros2_ws/build/tutorial_interfaces' returned '0': CMAKE_PREFIX_PATH=${CMAKE_PREFIX_PATH}:/opt/ros/foxy /usr/bin/cmake --install /ros2_ws/build/tutorial_interfaces
