[0.024s] Invoking command in '/ros2_ws/build/tutorial_interfaces': CMAKE_PREFIX_PATH=/opt/ros/foxy /usr/bin/cmake /ros2_ws/tutorial_interfaces -DCMAKE_INSTALL_PREFIX=/ros2_ws/install/tutorial_interfaces
[0.087s] -- The C compiler identification is GNU 9.4.0
[0.143s] -- The CXX compiler identification is GNU 9.4.0
[0.151s] -- Check for working C compiler: /usr/bin/cc
[0.219s] -- Check for working C compiler: /usr/bin/cc -- works
[0.220s] -- Detecting C compiler ABI info
[0.286s] -- Detecting C compiler ABI info - done
[0.298s] -- Detecting C compile features
[0.298s] -- Detecting C compile features - done
[0.301s] -- Check for working CXX compiler: /usr/bin/c++
[0.377s] -- Check for working CXX compiler: /usr/bin/c++ -- works
[0.378s] -- Detecting CXX compiler ABI info
[0.456s] -- Detecting CXX compiler ABI info - done
[0.468s] -- Detecting CXX compile features
[0.468s] -- Detecting CXX compile features - done
[0.472s] -- Found ament_cmake: 0.9.12 (/opt/ros/foxy/share/ament_cmake/cmake)
[0.497s] -- Found PythonInterp: /usr/bin/python3 (found suitable version "3.8.10", minimum required is "3") 
[0.497s] -- Using PYTHON_EXECUTABLE: /usr/bin/python3
[0.682s] -- Found ament_lint_auto: 0.9.8 (/opt/ros/foxy/share/ament_lint_auto/cmake)
[0.760s] -- Added test 'copyright' to check source files copyright and LICENSE
[0.762s] -- Added test 'lint_cmake' to check CMake code style
[0.764s] -- Added test 'xmllint' to check XML markup files
[0.766s] -- Configuring done
[0.768s] -- Generating done
[0.769s] -- Build files have been written to: /ros2_ws/build/tutorial_interfaces
[0.772s] Invoked command in '/ros2_ws/build/tutorial_interfaces' returned '0': CMAKE_PREFIX_PATH=/opt/ros/foxy /usr/bin/cmake /ros2_ws/tutorial_interfaces -DCMAKE_INSTALL_PREFIX=/ros2_ws/install/tutorial_interfaces
[0.774s] Invoking command in '/ros2_ws/build/tutorial_interfaces': CMAKE_PREFIX_PATH=/opt/ros/foxy /usr/bin/cmake --build /ros2_ws/build/tutorial_interfaces -- -j8 -l8
[0.815s] Invoked command in '/ros2_ws/build/tutorial_interfaces' returned '0': CMAKE_PREFIX_PATH=/opt/ros/foxy /usr/bin/cmake --build /ros2_ws/build/tutorial_interfaces -- -j8 -l8
[0.837s] Invoking command in '/ros2_ws/build/tutorial_interfaces': CMAKE_PREFIX_PATH=/opt/ros/foxy /usr/bin/cmake --install /ros2_ws/build/tutorial_interfaces
[0.847s] -- Install configuration: ""
[0.847s] -- Installing: /ros2_ws/install/tutorial_interfaces/share/ament_index/resource_index/package_run_dependencies/tutorial_interfaces
[0.847s] -- Installing: /ros2_ws/install/tutorial_interfaces/share/ament_index/resource_index/parent_prefix_path/tutorial_interfaces
[0.847s] -- Installing: /ros2_ws/install/tutorial_interfaces/share/tutorial_interfaces/environment/ament_prefix_path.sh
[0.847s] -- Installing: /ros2_ws/install/tutorial_interfaces/share/tutorial_interfaces/environment/ament_prefix_path.dsv
[0.848s] -- Installing: /ros2_ws/install/tutorial_interfaces/share/tutorial_interfaces/environment/path.sh
[0.848s] -- Installing: /ros2_ws/install/tutorial_interfaces/share/tutorial_interfaces/environment/path.dsv
[0.848s] -- Installing: /ros2_ws/install/tutorial_interfaces/share/tutorial_interfaces/local_setup.bash
[0.848s] -- Installing: /ros2_ws/install/tutorial_interfaces/share/tutorial_interfaces/local_setup.sh
[0.848s] -- Installing: /ros2_ws/install/tutorial_interfaces/share/tutorial_interfaces/local_setup.zsh
[0.848s] -- Installing: /ros2_ws/install/tutorial_interfaces/share/tutorial_interfaces/local_setup.dsv
[0.848s] -- Installing: /ros2_ws/install/tutorial_interfaces/share/tutorial_interfaces/package.dsv
[0.848s] -- Installing: /ros2_ws/install/tutorial_interfaces/share/ament_index/resource_index/packages/tutorial_interfaces
[0.849s] -- Installing: /ros2_ws/install/tutorial_interfaces/share/tutorial_interfaces/cmake/tutorial_interfacesConfig.cmake
[0.849s] -- Installing: /ros2_ws/install/tutorial_interfaces/share/tutorial_interfaces/cmake/tutorial_interfacesConfig-version.cmake
[0.849s] -- Installing: /ros2_ws/install/tutorial_interfaces/share/tutorial_interfaces/package.xml
[0.853s] Invoked command in '/ros2_ws/build/tutorial_interfaces' returned '0': CMAKE_PREFIX_PATH=/opt/ros/foxy /usr/bin/cmake --install /ros2_ws/build/tutorial_interfaces
